[ 2017-09-04T22:53:56+08:00 ] 127.0.0.1 /index.php/Admin/Index/select
INFO: [ app_init ] --START--
INFO: Run Behavior\BuildLiteBehavior [ RunTime:0.000000s ]
INFO: [ app_init ] --END-- [ RunTime:0.000000s ]
INFO: [ app_begin ] --START--
INFO: Run Behavior\ReadHtmlCacheBehavior [ RunTime:0.000000s ]
INFO: [ app_begin ] --END-- [ RunTime:0.000000s ]
NOTIC: [8] Undefined index: uname C:\php\phpstudy\WWW\devxiyue\Application\Admin\Controller\CommonController.class.php 第 7 行.

[ 2017-09-04T22:53:57+08:00 ] 127.0.0.1 /index.php/Admin/User/login
INFO: [ app_init ] --START--
INFO: Run Behavior\BuildLiteBehavior [ RunTime:0.000000s ]
INFO: [ app_init ] --END-- [ RunTime:0.000000s ]
INFO: [ app_begin ] --START--
INFO: Run Behavior\ReadHtmlCacheBehavior [ RunTime:0.000000s ]
INFO: [ app_begin ] --END-- [ RunTime:0.000000s ]
INFO: [ view_parse ] --START--
INFO: [ template_filter ] --START--
INFO: Run Behavior\ContentReplaceBehavior [ RunTime:0.000000s ]
INFO: [ template_filter ] --END-- [ RunTime:0.000000s ]
INFO: Run Behavior\ParseTemplateBehavior [ RunTime:0.006001s ]
INFO: [ view_parse ] --END-- [ RunTime:0.006001s ]
INFO: [ view_filter ] --START--
INFO: Run Behavior\WriteHtmlCacheBehavior [ RunTime:0.001000s ]
INFO: [ view_filter ] --END-- [ RunTime:0.001000s ]
INFO: [ app_end ] --START--
INFO: Run Behavior\ShowPageTraceBehavior [ RunTime:0.000000s ]
INFO: [ app_end ] --END-- [ RunTime:0.000000s ]

[ 2017-09-04T22:54:03+08:00 ] 127.0.0.1 /index.php/Admin/User/login
INFO: [ app_init ] --START--
INFO: Run Behavior\BuildLiteBehavior [ RunTime:0.000000s ]
INFO: [ app_init ] --END-- [ RunTime:0.000000s ]
INFO: [ app_begin ] --START--
INFO: Run Behavior\ReadHtmlCacheBehavior [ RunTime:0.001000s ]
INFO: [ app_begin ] --END-- [ RunTime:0.001000s ]
SQL: SHOW COLUMNS FROM `p_user` [ RunTime:0.0190s ]
SQL: SELECT * FROM `p_user` WHERE `name` = 'admin' AND `password` = '123asd'  [ RunTime:0.0010s ]
INFO: [ view_parse ] --START--
INFO: [ template_filter ] --START--
INFO: Run Behavior\ContentReplaceBehavior [ RunTime:0.000000s ]
INFO: [ template_filter ] --END-- [ RunTime:0.000000s ]
INFO: Run Behavior\ParseTemplateBehavior [ RunTime:0.006001s ]
INFO: [ view_parse ] --END-- [ RunTime:0.006001s ]
INFO: [ view_filter ] --START--
INFO: Run Behavior\WriteHtmlCacheBehavior [ RunTime:0.000000s ]
INFO: [ view_filter ] --END-- [ RunTime:0.000000s ]
INFO: [ app_end ] --START--
INFO: Run Behavior\ShowPageTraceBehavior [ RunTime:0.001000s ]
INFO: [ app_end ] --END-- [ RunTime:0.001000s ]

[ 2017-09-04T22:54:03+08:00 ] 127.0.0.1 /index.php/Admin/Index/main
INFO: [ app_init ] --START--
INFO: Run Behavior\BuildLiteBehavior [ RunTime:0.000000s ]
INFO: [ app_init ] --END-- [ RunTime:0.001000s ]
INFO: [ app_begin ] --START--
INFO: Run Behavior\ReadHtmlCacheBehavior [ RunTime:0.001000s ]
INFO: [ app_begin ] --END-- [ RunTime:0.001000s ]
SQL: SHOW COLUMNS FROM `p_user` [ RunTime:0.0150s ]
SQL: SELECT * FROM `p_user` WHERE `name` = 'admin'  [ RunTime:0.0010s ]
SQL: SELECT * FROM `p_user`  [ RunTime:0.0010s ]
INFO: [ view_parse ] --START--
NOTIC: [2] file_get_contents(./Public/conn/header.html): failed to open stream: No such file or directory C:\php\phpstudy\WWW\devxiyue\ThinkPHP\Library\Think\Template.class.php 第 696 行.
INFO: [ template_filter ] --START--
INFO: Run Behavior\ContentReplaceBehavior [ RunTime:0.000000s ]
INFO: [ template_filter ] --END-- [ RunTime:0.000000s ]
INFO: Run Behavior\ParseTemplateBehavior [ RunTime:0.012001s ]
INFO: [ view_parse ] --END-- [ RunTime:0.012001s ]
INFO: [ view_filter ] --START--
INFO: Run Behavior\WriteHtmlCacheBehavior [ RunTime:0.000000s ]
INFO: [ view_filter ] --END-- [ RunTime:0.000000s ]
INFO: [ app_end ] --START--
INFO: Run Behavior\ShowPageTraceBehavior [ RunTime:0.001000s ]
INFO: [ app_end ] --END-- [ RunTime:0.001000s ]

[ 2017-09-04T22:54:08+08:00 ] 127.0.0.1 /index.php/Admin/Index/select
INFO: [ app_init ] --START--
INFO: Run Behavior\BuildLiteBehavior [ RunTime:0.000000s ]
INFO: [ app_init ] --END-- [ RunTime:0.000000s ]
INFO: [ app_begin ] --START--
INFO: Run Behavior\ReadHtmlCacheBehavior [ RunTime:0.000000s ]
INFO: [ app_begin ] --END-- [ RunTime:0.000000s ]
SQL: SHOW COLUMNS FROM `p_user` [ RunTime:0.0160s ]
SQL: SELECT * FROM `p_user` WHERE `name` = 'admin'  [ RunTime:0.0010s ]
SQL: SHOW COLUMNS FROM `p_orderlog` [ RunTime:0.0220s ]
NOTIC: [8] Undefined index: state C:\php\phpstudy\WWW\devxiyue\Application\Admin\Controller\IndexController.class.php 第 142 行.
NOTIC: [8] Undefined index: uid C:\php\phpstudy\WWW\devxiyue\Application\Admin\Controller\IndexController.class.php 第 146 行.
NOTIC: [8] Undefined index: orderid C:\php\phpstudy\WWW\devxiyue\Application\Admin\Controller\IndexController.class.php 第 149 行.
NOTIC: [8] Undefined variable: map C:\php\phpstudy\WWW\devxiyue\Application\Admin\Controller\IndexController.class.php 第 152 行.
SQL: SELECT * FROM `p_orderlog`  [ RunTime:0.0010s ]
INFO: [ view_parse ] --START--
INFO: [ template_filter ] --START--
INFO: Run Behavior\ContentReplaceBehavior [ RunTime:0.000000s ]
INFO: [ template_filter ] --END-- [ RunTime:0.000000s ]
NOTIC: [8] Undefined index: states C:\php\phpstudy\WWW\devxiyue\Application\Runtime\Cache\Admin\8aacb4bacc5323aefb881fa5bf623748.php 第 202 行.
NOTIC: [8] Undefined index: prices C:\php\phpstudy\WWW\devxiyue\Application\Runtime\Cache\Admin\8aacb4bacc5323aefb881fa5bf623748.php 第 203 行.
NOTIC: [8] Undefined index: states C:\php\phpstudy\WWW\devxiyue\Application\Runtime\Cache\Admin\8aacb4bacc5323aefb881fa5bf623748.php 第 202 行.
NOTIC: [8] Undefined index: prices C:\php\phpstudy\WWW\devxiyue\Application\Runtime\Cache\Admin\8aacb4bacc5323aefb881fa5bf623748.php 第 203 行.
INFO: Run Behavior\ParseTemplateBehavior [ RunTime:0.013001s ]
INFO: [ view_parse ] --END-- [ RunTime:0.013001s ]
INFO: [ view_filter ] --START--
INFO: Run Behavior\WriteHtmlCacheBehavior [ RunTime:0.000000s ]
INFO: [ view_filter ] --END-- [ RunTime:0.000000s ]
INFO: [ app_end ] --START--
INFO: Run Behavior\ShowPageTraceBehavior [ RunTime:0.001000s ]
INFO: [ app_end ] --END-- [ RunTime:0.001000s ]

[ 2017-09-04T22:56:55+08:00 ] 127.0.0.1 /index.php/Admin/Index/select
INFO: [ app_init ] --START--
INFO: Run Behavior\BuildLiteBehavior [ RunTime:0.000000s ]
INFO: [ app_init ] --END-- [ RunTime:0.001000s ]
INFO: [ app_begin ] --START--
INFO: Run Behavior\ReadHtmlCacheBehavior [ RunTime:0.001000s ]
INFO: [ app_begin ] --END-- [ RunTime:0.001000s ]
SQL: SHOW COLUMNS FROM `p_user` [ RunTime:0.0130s ]
SQL: SELECT * FROM `p_user` WHERE `name` = 'admin'  [ RunTime:0.0010s ]
SQL: SHOW COLUMNS FROM `p_orderlog` [ RunTime:0.0160s ]
NOTIC: [8] Undefined index: state C:\php\phpstudy\WWW\devxiyue\Application\Admin\Controller\IndexController.class.php 第 142 行.
NOTIC: [8] Undefined index: uid C:\php\phpstudy\WWW\devxiyue\Application\Admin\Controller\IndexController.class.php 第 146 行.
NOTIC: [8] Undefined index: orderid C:\php\phpstudy\WWW\devxiyue\Application\Admin\Controller\IndexController.class.php 第 149 行.
NOTIC: [8] Undefined variable: map C:\php\phpstudy\WWW\devxiyue\Application\Admin\Controller\IndexController.class.php 第 152 行.
SQL: SELECT * FROM `p_orderlog`  [ RunTime:0.0010s ]
INFO: [ view_parse ] --START--
INFO: [ template_filter ] --START--
INFO: Run Behavior\ContentReplaceBehavior [ RunTime:0.000000s ]
INFO: [ template_filter ] --END-- [ RunTime:0.000000s ]
NOTIC: [8] Undefined index: states C:\php\phpstudy\WWW\devxiyue\Application\Runtime\Cache\Admin\8aacb4bacc5323aefb881fa5bf623748.php 第 197 行.
NOTIC: [8] Undefined index: prices C:\php\phpstudy\WWW\devxiyue\Application\Runtime\Cache\Admin\8aacb4bacc5323aefb881fa5bf623748.php 第 198 行.
NOTIC: [8] Undefined index: states C:\php\phpstudy\WWW\devxiyue\Application\Runtime\Cache\Admin\8aacb4bacc5323aefb881fa5bf623748.php 第 197 行.
NOTIC: [8] Undefined index: prices C:\php\phpstudy\WWW\devxiyue\Application\Runtime\Cache\Admin\8aacb4bacc5323aefb881fa5bf623748.php 第 198 行.
INFO: Run Behavior\ParseTemplateBehavior [ RunTime:0.021001s ]
INFO: [ view_parse ] --END-- [ RunTime:0.021001s ]
INFO: [ view_filter ] --START--
INFO: Run Behavior\WriteHtmlCacheBehavior [ RunTime:0.001000s ]
INFO: [ view_filter ] --END-- [ RunTime:0.001000s ]
INFO: [ app_end ] --START--
INFO: Run Behavior\ShowPageTraceBehavior [ RunTime:0.001000s ]
INFO: [ app_end ] --END-- [ RunTime:0.001000s ]

[ 2017-09-04T22:57:16+08:00 ] 127.0.0.1 /index.php/Admin/Index/select
INFO: [ app_init ] --START--
INFO: Run Behavior\BuildLiteBehavior [ RunTime:0.000000s ]
INFO: [ app_init ] --END-- [ RunTime:0.000000s ]
INFO: [ app_begin ] --START--
INFO: Run Behavior\ReadHtmlCacheBehavior [ RunTime:0.001000s ]
INFO: [ app_begin ] --END-- [ RunTime:0.001000s ]
SQL: SHOW COLUMNS FROM `p_user` [ RunTime:0.0150s ]
SQL: SELECT * FROM `p_user` WHERE `name` = 'admin'  [ RunTime:0.0010s ]
SQL: SHOW COLUMNS FROM `p_orderlog` [ RunTime:0.0150s ]
NOTIC: [8] Undefined index: state C:\php\phpstudy\WWW\devxiyue\Application\Admin\Controller\IndexController.class.php 第 142 行.
NOTIC: [8] Undefined index: uid C:\php\phpstudy\WWW\devxiyue\Application\Admin\Controller\IndexController.class.php 第 146 行.
NOTIC: [8] Undefined index: orderid C:\php\phpstudy\WWW\devxiyue\Application\Admin\Controller\IndexController.class.php 第 149 行.
NOTIC: [8] Undefined variable: map C:\php\phpstudy\WWW\devxiyue\Application\Admin\Controller\IndexController.class.php 第 152 行.
SQL: SELECT * FROM `p_orderlog`  [ RunTime:0.0010s ]
INFO: [ view_parse ] --START--
INFO: [ template_filter ] --START--
INFO: Run Behavior\ContentReplaceBehavior [ RunTime:0.000000s ]
INFO: [ template_filter ] --END-- [ RunTime:0.000000s ]
NOTIC: [8] Undefined index: states C:\php\phpstudy\WWW\devxiyue\Application\Runtime\Cache\Admin\8aacb4bacc5323aefb881fa5bf623748.php 第 197 行.
NOTIC: [8] Undefined index: prices C:\php\phpstudy\WWW\devxiyue\Application\Runtime\Cache\Admin\8aacb4bacc5323aefb881fa5bf623748.php 第 198 行.
NOTIC: [8] Undefined index: states C:\php\phpstudy\WWW\devxiyue\Application\Runtime\Cache\Admin\8aacb4bacc5323aefb881fa5bf623748.php 第 197 行.
NOTIC: [8] Undefined index: prices C:\php\phpstudy\WWW\devxiyue\Application\Runtime\Cache\Admin\8aacb4bacc5323aefb881fa5bf623748.php 第 198 行.
INFO: Run Behavior\ParseTemplateBehavior [ RunTime:0.010000s ]
INFO: [ view_parse ] --END-- [ RunTime:0.010000s ]
INFO: [ view_filter ] --START--
INFO: Run Behavior\WriteHtmlCacheBehavior [ RunTime:0.001000s ]
INFO: [ view_filter ] --END-- [ RunTime:0.001000s ]
INFO: [ app_end ] --START--
INFO: Run Behavior\ShowPageTraceBehavior [ RunTime:0.000000s ]
INFO: [ app_end ] --END-- [ RunTime:0.000000s ]

[ 2017-09-04T22:57:36+08:00 ] 127.0.0.1 /index.php/Admin/Index/select
INFO: [ app_init ] --START--
INFO: Run Behavior\BuildLiteBehavior [ RunTime:0.001000s ]
INFO: [ app_init ] --END-- [ RunTime:0.001000s ]
INFO: [ app_begin ] --START--
INFO: Run Behavior\ReadHtmlCacheBehavior [ RunTime:0.001000s ]
INFO: [ app_begin ] --END-- [ RunTime:0.001000s ]
SQL: SHOW COLUMNS FROM `p_user` [ RunTime:0.0150s ]
SQL: SELECT * FROM `p_user` WHERE `name` = 'admin'  [ RunTime:0.0010s ]
SQL: SHOW COLUMNS FROM `p_orderlog` [ RunTime:0.0140s ]
NOTIC: [8] Undefined index: state C:\php\phpstudy\WWW\devxiyue\Application\Admin\Controller\IndexController.class.php 第 142 行.
NOTIC: [8] Undefined index: uid C:\php\phpstudy\WWW\devxiyue\Application\Admin\Controller\IndexController.class.php 第 146 行.
NOTIC: [8] Undefined index: orderid C:\php\phpstudy\WWW\devxiyue\Application\Admin\Controller\IndexController.class.php 第 149 行.
NOTIC: [8] Undefined variable: map C:\php\phpstudy\WWW\devxiyue\Application\Admin\Controller\IndexController.class.php 第 152 行.
SQL: SELECT * FROM `p_orderlog`  [ RunTime:0.0000s ]
INFO: [ view_parse ] --START--
INFO: [ template_filter ] --START--
INFO: Run Behavior\ContentReplaceBehavior [ RunTime:0.000000s ]
INFO: [ template_filter ] --END-- [ RunTime:0.000000s ]
NOTIC: [8] Undefined index: states C:\php\phpstudy\WWW\devxiyue\Application\Runtime\Cache\Admin\8aacb4bacc5323aefb881fa5bf623748.php 第 197 行.
NOTIC: [8] Undefined index: states C:\php\phpstudy\WWW\devxiyue\Application\Runtime\Cache\Admin\8aacb4bacc5323aefb881fa5bf623748.php 第 197 行.
INFO: Run Behavior\ParseTemplateBehavior [ RunTime:0.011001s ]
INFO: [ view_parse ] --END-- [ RunTime:0.011001s ]
INFO: [ view_filter ] --START--
INFO: Run Behavior\WriteHtmlCacheBehavior [ RunTime:0.000000s ]
INFO: [ view_filter ] --END-- [ RunTime:0.000000s ]
INFO: [ app_end ] --START--
INFO: Run Behavior\ShowPageTraceBehavior [ RunTime:0.001000s ]
INFO: [ app_end ] --END-- [ RunTime:0.001000s ]

[ 2017-09-04T22:59:29+08:00 ] 127.0.0.1 /index.php/Admin/Index/select
INFO: [ app_init ] --START--
INFO: Run Behavior\BuildLiteBehavior [ RunTime:0.000000s ]
INFO: [ app_init ] --END-- [ RunTime:0.000000s ]
INFO: [ app_begin ] --START--
INFO: Run Behavior\ReadHtmlCacheBehavior [ RunTime:0.001000s ]
INFO: [ app_begin ] --END-- [ RunTime:0.001000s ]
SQL: SHOW COLUMNS FROM `p_user` [ RunTime:0.0150s ]
SQL: SELECT * FROM `p_user` WHERE `name` = 'admin'  [ RunTime:0.0010s ]
SQL: SHOW COLUMNS FROM `p_orderlog` [ RunTime:0.0150s ]
NOTIC: [8] Undefined index: state C:\php\phpstudy\WWW\devxiyue\Application\Admin\Controller\IndexController.class.php 第 142 行.
NOTIC: [8] Undefined index: uid C:\php\phpstudy\WWW\devxiyue\Application\Admin\Controller\IndexController.class.php 第 146 行.
NOTIC: [8] Undefined index: orderid C:\php\phpstudy\WWW\devxiyue\Application\Admin\Controller\IndexController.class.php 第 149 行.
NOTIC: [8] Undefined variable: map C:\php\phpstudy\WWW\devxiyue\Application\Admin\Controller\IndexController.class.php 第 152 行.
SQL: SELECT * FROM `p_orderlog`  [ RunTime:0.0010s ]
INFO: [ view_parse ] --START--
INFO: [ template_filter ] --START--
INFO: Run Behavior\ContentReplaceBehavior [ RunTime:0.001000s ]
INFO: [ template_filter ] --END-- [ RunTime:0.001000s ]
NOTIC: [8] Undefined index: states C:\php\phpstudy\WWW\devxiyue\Application\Runtime\Cache\Admin\8aacb4bacc5323aefb881fa5bf623748.php 第 201 行.
NOTIC: [8] Undefined index: states C:\php\phpstudy\WWW\devxiyue\Application\Runtime\Cache\Admin\8aacb4bacc5323aefb881fa5bf623748.php 第 201 行.
INFO: Run Behavior\ParseTemplateBehavior [ RunTime:0.011001s ]
INFO: [ view_parse ] --END-- [ RunTime:0.011001s ]
INFO: [ view_filter ] --START--
INFO: Run Behavior\WriteHtmlCacheBehavior [ RunTime:0.000000s ]
INFO: [ view_filter ] --END-- [ RunTime:0.000000s ]
INFO: [ app_end ] --START--
INFO: Run Behavior\ShowPageTraceBehavior [ RunTime:0.001000s ]
INFO: [ app_end ] --END-- [ RunTime:0.001000s ]

[ 2017-09-04T23:00:01+08:00 ] 127.0.0.1 /index.php/Admin/Index/select
INFO: [ app_init ] --START--
INFO: Run Behavior\BuildLiteBehavior [ RunTime:0.000000s ]
INFO: [ app_init ] --END-- [ RunTime:0.000000s ]
INFO: [ app_begin ] --START--
INFO: Run Behavior\ReadHtmlCacheBehavior [ RunTime:0.001000s ]
INFO: [ app_begin ] --END-- [ RunTime:0.001000s ]
SQL: SHOW COLUMNS FROM `p_user` [ RunTime:0.0130s ]
SQL: SELECT * FROM `p_user` WHERE `name` = 'admin'  [ RunTime:0.0010s ]
SQL: SHOW COLUMNS FROM `p_orderlog` [ RunTime:0.0160s ]
NOTIC: [8] Undefined index: state C:\php\phpstudy\WWW\devxiyue\Application\Admin\Controller\IndexController.class.php 第 142 行.
NOTIC: [8] Undefined index: uid C:\php\phpstudy\WWW\devxiyue\Application\Admin\Controller\IndexController.class.php 第 146 行.
NOTIC: [8] Undefined index: orderid C:\php\phpstudy\WWW\devxiyue\Application\Admin\Controller\IndexController.class.php 第 149 行.
NOTIC: [8] Undefined variable: map C:\php\phpstudy\WWW\devxiyue\Application\Admin\Controller\IndexController.class.php 第 152 行.
SQL: SELECT * FROM `p_orderlog`  [ RunTime:0.0010s ]
INFO: [ view_parse ] --START--
INFO: [ template_filter ] --START--
INFO: Run Behavior\ContentReplaceBehavior [ RunTime:0.000000s ]
INFO: [ template_filter ] --END-- [ RunTime:0.000000s ]
NOTIC: [8] Undefined index: states C:\php\phpstudy\WWW\devxiyue\Application\Runtime\Cache\Admin\8aacb4bacc5323aefb881fa5bf623748.php 第 201 行.
NOTIC: [8] Undefined index: states C:\php\phpstudy\WWW\devxiyue\Application\Runtime\Cache\Admin\8aacb4bacc5323aefb881fa5bf623748.php 第 201 行.
INFO: Run Behavior\ParseTemplateBehavior [ RunTime:0.010000s ]
INFO: [ view_parse ] --END-- [ RunTime:0.010000s ]
INFO: [ view_filter ] --START--
INFO: Run Behavior\WriteHtmlCacheBehavior [ RunTime:0.000000s ]
INFO: [ view_filter ] --END-- [ RunTime:0.000000s ]
INFO: [ app_end ] --START--
INFO: Run Behavior\ShowPageTraceBehavior [ RunTime:0.001000s ]
INFO: [ app_end ] --END-- [ RunTime:0.001000s ]

[ 2017-09-04T23:00:43+08:00 ] 127.0.0.1 /index.php/Admin/Index/select
INFO: [ app_init ] --START--
INFO: Run Behavior\BuildLiteBehavior [ RunTime:0.000000s ]
INFO: [ app_init ] --END-- [ RunTime:0.000000s ]
INFO: [ app_begin ] --START--
INFO: Run Behavior\ReadHtmlCacheBehavior [ RunTime:0.000000s ]
INFO: [ app_begin ] --END-- [ RunTime:0.000000s ]
SQL: SHOW COLUMNS FROM `p_user` [ RunTime:0.0160s ]
SQL: SELECT * FROM `p_user` WHERE `name` = 'admin'  [ RunTime:0.0010s ]
SQL: SHOW COLUMNS FROM `p_orderlog` [ RunTime:0.0170s ]
NOTIC: [8] Undefined index: state C:\php\phpstudy\WWW\devxiyue\Application\Admin\Controller\IndexController.class.php 第 142 行.
NOTIC: [8] Undefined index: uid C:\php\phpstudy\WWW\devxiyue\Application\Admin\Controller\IndexController.class.php 第 146 行.
NOTIC: [8] Undefined index: orderid C:\php\phpstudy\WWW\devxiyue\Application\Admin\Controller\IndexController.class.php 第 149 行.
NOTIC: [8] Undefined variable: map C:\php\phpstudy\WWW\devxiyue\Application\Admin\Controller\IndexController.class.php 第 152 行.
SQL: SELECT * FROM `p_orderlog`  [ RunTime:0.0010s ]
INFO: [ view_parse ] --START--
INFO: [ template_filter ] --START--
INFO: Run Behavior\ContentReplaceBehavior [ RunTime:0.000000s ]
INFO: [ template_filter ] --END-- [ RunTime:0.000000s ]
NOTIC: [8] Undefined index: states C:\php\phpstudy\WWW\devxiyue\Application\Runtime\Cache\Admin\8aacb4bacc5323aefb881fa5bf623748.php 第 201 行.
NOTIC: [8] Undefined index: states C:\php\phpstudy\WWW\devxiyue\Application\Runtime\Cache\Admin\8aacb4bacc5323aefb881fa5bf623748.php 第 201 行.
INFO: Run Behavior\ParseTemplateBehavior [ RunTime:0.011001s ]
INFO: [ view_parse ] --END-- [ RunTime:0.011001s ]
INFO: [ view_filter ] --START--
INFO: Run Behavior\WriteHtmlCacheBehavior [ RunTime:0.000000s ]
INFO: [ view_filter ] --END-- [ RunTime:0.000000s ]
INFO: [ app_end ] --START--
INFO: Run Behavior\ShowPageTraceBehavior [ RunTime:0.001000s ]
INFO: [ app_end ] --END-- [ RunTime:0.001000s ]

[ 2017-09-04T23:00:44+08:00 ] 127.0.0.1 /index.php/Admin/Menber/select
INFO: [ app_init ] --START--
INFO: Run Behavior\BuildLiteBehavior [ RunTime:0.000000s ]
INFO: [ app_init ] --END-- [ RunTime:0.001000s ]
INFO: [ app_begin ] --START--
INFO: Run Behavior\ReadHtmlCacheBehavior [ RunTime:0.001000s ]
INFO: [ app_begin ] --END-- [ RunTime:0.001000s ]
SQL: SHOW COLUMNS FROM `p_user` [ RunTime:0.0170s ]
SQL: SELECT * FROM `p_user` WHERE `name` = 'admin'  [ RunTime:0.0000s ]
SQL: SHOW COLUMNS FROM `p_menber` [ RunTime:0.0150s ]
NOTIC: [8] Undefined index: name C:\php\phpstudy\WWW\devxiyue\Application\Admin\Controller\MenberController.class.php 第 7 行.
SQL: SELECT * FROM `p_menber`  [ RunTime:0.0010s ]
INFO: [ view_parse ] --START--
INFO: [ template_filter ] --START--
INFO: Run Behavior\ContentReplaceBehavior [ RunTime:0.001000s ]
INFO: [ template_filter ] --END-- [ RunTime:0.001000s ]
INFO: Run Behavior\ParseTemplateBehavior [ RunTime:0.013001s ]
INFO: [ view_parse ] --END-- [ RunTime:0.013001s ]
INFO: [ view_filter ] --START--
INFO: Run Behavior\WriteHtmlCacheBehavior [ RunTime:0.000000s ]
INFO: [ view_filter ] --END-- [ RunTime:0.000000s ]
INFO: [ app_end ] --START--
INFO: Run Behavior\ShowPageTraceBehavior [ RunTime:0.001000s ]
INFO: [ app_end ] --END-- [ RunTime:0.001000s ]

[ 2017-09-04T23:00:47+08:00 ] 127.0.0.1 /index.php/Admin/Menber/addUser
INFO: [ app_init ] --START--
INFO: Run Behavior\BuildLiteBehavior [ RunTime:0.000000s ]
INFO: [ app_init ] --END-- [ RunTime:0.001000s ]
INFO: [ app_begin ] --START--
INFO: Run Behavior\ReadHtmlCacheBehavior [ RunTime:0.000000s ]
INFO: [ app_begin ] --END-- [ RunTime:0.000000s ]
SQL: SHOW COLUMNS FROM `p_user` [ RunTime:0.0150s ]
SQL: SELECT * FROM `p_user` WHERE `name` = 'admin'  [ RunTime:0.0000s ]
INFO: [ view_parse ] --START--
INFO: [ template_filter ] --START--
INFO: Run Behavior\ContentReplaceBehavior [ RunTime:0.001000s ]
INFO: [ template_filter ] --END-- [ RunTime:0.001000s ]
NOTIC: [8] Undefined variable: res C:\php\phpstudy\WWW\devxiyue\Application\Runtime\Cache\Admin\5d69bfb87b5bf80bf4d945d6c976952c.php 第 159 行.
NOTIC: [8] Undefined variable: res C:\php\phpstudy\WWW\devxiyue\Application\Runtime\Cache\Admin\5d69bfb87b5bf80bf4d945d6c976952c.php 第 169 行.
NOTIC: [8] Undefined variable: res C:\php\phpstudy\WWW\devxiyue\Application\Runtime\Cache\Admin\5d69bfb87b5bf80bf4d945d6c976952c.php 第 179 行.
NOTIC: [8] Undefined variable: res C:\php\phpstudy\WWW\devxiyue\Application\Runtime\Cache\Admin\5d69bfb87b5bf80bf4d945d6c976952c.php 第 189 行.
NOTIC: [8] Undefined variable: res C:\php\phpstudy\WWW\devxiyue\Application\Runtime\Cache\Admin\5d69bfb87b5bf80bf4d945d6c976952c.php 第 199 行.
INFO: Run Behavior\ParseTemplateBehavior [ RunTime:0.012001s ]
INFO: [ view_parse ] --END-- [ RunTime:0.012001s ]
INFO: [ view_filter ] --START--
INFO: Run Behavior\WriteHtmlCacheBehavior [ RunTime:0.000000s ]
INFO: [ view_filter ] --END-- [ RunTime:0.001000s ]
INFO: [ app_end ] --START--
INFO: Run Behavior\ShowPageTraceBehavior [ RunTime:0.000000s ]
INFO: [ app_end ] --END-- [ RunTime:0.000000s ]

[ 2017-09-04T23:00:48+08:00 ] 127.0.0.1 /index.php/Admin/Menber/select
INFO: [ app_init ] --START--
INFO: Run Behavior\BuildLiteBehavior [ RunTime:0.000000s ]
INFO: [ app_init ] --END-- [ RunTime:0.000000s ]
INFO: [ app_begin ] --START--
INFO: Run Behavior\ReadHtmlCacheBehavior [ RunTime:0.000000s ]
INFO: [ app_begin ] --END-- [ RunTime:0.000000s ]
SQL: SHOW COLUMNS FROM `p_user` [ RunTime:0.0160s ]
SQL: SELECT * FROM `p_user` WHERE `name` = 'admin'  [ RunTime:0.0010s ]
SQL: SHOW COLUMNS FROM `p_menber` [ RunTime:0.0160s ]
NOTIC: [8] Undefined index: name C:\php\phpstudy\WWW\devxiyue\Application\Admin\Controller\MenberController.class.php 第 7 行.
SQL: SELECT * FROM `p_menber`  [ RunTime:0.0010s ]
INFO: [ view_parse ] --START--
INFO: [ template_filter ] --START--
INFO: Run Behavior\ContentReplaceBehavior [ RunTime:0.000000s ]
INFO: [ template_filter ] --END-- [ RunTime:0.000000s ]
INFO: Run Behavior\ParseTemplateBehavior [ RunTime:0.012001s ]
INFO: [ view_parse ] --END-- [ RunTime:0.012001s ]
INFO: [ view_filter ] --START--
INFO: Run Behavior\WriteHtmlCacheBehavior [ RunTime:0.000000s ]
INFO: [ view_filter ] --END-- [ RunTime:0.000000s ]
INFO: [ app_end ] --START--
INFO: Run Behavior\ShowPageTraceBehavior [ RunTime:0.001000s ]
INFO: [ app_end ] --END-- [ RunTime:0.001000s ]

[ 2017-09-04T23:00:50+08:00 ] 127.0.0.1 /index.php/Admin/Menber/editeUser/id/1
INFO: [ app_init ] --START--
INFO: Run Behavior\BuildLiteBehavior [ RunTime:0.000000s ]
INFO: [ app_init ] --END-- [ RunTime:0.000000s ]
INFO: [ app_begin ] --START--
INFO: Run Behavior\ReadHtmlCacheBehavior [ RunTime:0.000000s ]
INFO: [ app_begin ] --END-- [ RunTime:0.000000s ]
SQL: SHOW COLUMNS FROM `p_user` [ RunTime:0.0170s ]
SQL: SELECT * FROM `p_user` WHERE `name` = 'admin'  [ RunTime:0.0010s ]
SQL: SHOW COLUMNS FROM `p_menber` [ RunTime:0.0160s ]
SQL: SELECT * FROM `p_menber` WHERE `uid` = 1  [ RunTime:0.0010s ]
INFO: [ view_parse ] --START--
INFO: [ template_filter ] --START--
INFO: Run Behavior\ContentReplaceBehavior [ RunTime:0.000000s ]
INFO: [ template_filter ] --END-- [ RunTime:0.000000s ]
INFO: Run Behavior\ParseTemplateBehavior [ RunTime:0.011001s ]
INFO: [ view_parse ] --END-- [ RunTime:0.011001s ]
INFO: [ view_filter ] --START--
INFO: Run Behavior\WriteHtmlCacheBehavior [ RunTime:0.000000s ]
INFO: [ view_filter ] --END-- [ RunTime:0.000000s ]
INFO: [ app_end ] --START--
INFO: Run Behavior\ShowPageTraceBehavior [ RunTime:0.000000s ]
INFO: [ app_end ] --END-- [ RunTime:0.000000s ]

[ 2017-09-04T23:00:54+08:00 ] 127.0.0.1 /index.php/Admin/Menber/usermessage
INFO: [ app_init ] --START--
INFO: Run Behavior\BuildLiteBehavior [ RunTime:0.000000s ]
INFO: [ app_init ] --END-- [ RunTime:0.001000s ]
INFO: [ app_begin ] --START--
INFO: Run Behavior\ReadHtmlCacheBehavior [ RunTime:0.000000s ]
INFO: [ app_begin ] --END-- [ RunTime:0.001000s ]
SQL: SHOW COLUMNS FROM `p_user` [ RunTime:0.0160s ]
SQL: SELECT * FROM `p_user` WHERE `name` = 'admin'  [ RunTime:0.0010s ]
SQL: SHOW COLUMNS FROM `p_incomelog` [ RunTime:0.0160s ]
NOTIC: [8] Undefined index: uid C:\php\phpstudy\WWW\devxiyue\Application\Admin\Controller\MenberController.class.php 第 145 行.
NOTIC: [8] Undefined index: type C:\php\phpstudy\WWW\devxiyue\Application\Admin\Controller\MenberController.class.php 第 148 行.
NOTIC: [8] Undefined index: mindate C:\php\phpstudy\WWW\devxiyue\Application\Admin\Controller\MenberController.class.php 第 151 行.
NOTIC: [8] Undefined variable: map C:\php\phpstudy\WWW\devxiyue\Application\Admin\Controller\MenberController.class.php 第 154 行.
SQL: SELECT * FROM `p_incomelog` ORDER BY type asc  [ RunTime:0.0010s ]
INFO: [ view_parse ] --START--
INFO: [ template_filter ] --START--
INFO: Run Behavior\ContentReplaceBehavior [ RunTime:0.000000s ]
INFO: [ template_filter ] --END-- [ RunTime:0.000000s ]
INFO: Run Behavior\ParseTemplateBehavior [ RunTime:0.013001s ]
INFO: [ view_parse ] --END-- [ RunTime:0.014001s ]
INFO: [ view_filter ] --START--
INFO: Run Behavior\WriteHtmlCacheBehavior [ RunTime:0.000000s ]
INFO: [ view_filter ] --END-- [ RunTime:0.000000s ]
INFO: [ app_end ] --START--
INFO: Run Behavior\ShowPageTraceBehavior [ RunTime:0.001000s ]
INFO: [ app_end ] --END-- [ RunTime:0.001000s ]

