[ 2017-09-05T19:49:35+08:00 ] 127.0.0.1 /index.php/Admin/User/crontab
INFO: [ app_init ] --START--
INFO: Run Behavior\BuildLiteBehavior [ RunTime:0.000000s ]
INFO: [ app_init ] --END-- [ RunTime:0.000000s ]
INFO: [ app_begin ] --START--
INFO: Run Behavior\ReadHtmlCacheBehavior [ RunTime:0.000000s ]
INFO: [ app_begin ] --END-- [ RunTime:0.000000s ]
SQL: SHOW COLUMNS FROM `p_incomelog` [ RunTime:0.0070s ]
SQL: SELECT * FROM `p_incomelog` WHERE `addymd` = '2017-09-05' AND `type` = 10  [ RunTime:0.0010s ]
SQL: SHOW COLUMNS FROM `p_menber` [ RunTime:0.0070s ]
SQL: SELECT * FROM `p_menber`  [ RunTime:0.0010s ]
SQL: SHOW COLUMNS FROM `p_config` [ RunTime:0.0060s ]
SQL: SELECT * FROM `p_config` WHERE `id` = 21  [ RunTime:0.0010s ]
NOTIC: [8] Undefined offset: 1 C:\php\phpstudy\WWW\devxiyue\Application\Admin\Controller\UserController.class.php 第 77 行.
SQL: SHOW COLUMNS FROM `p_huogui` [ RunTime:0.0070s ]
SQL: SELECT SUM(curlnum) AS tp_sum FROM `p_huogui` WHERE `uid` = 4 AND `state` = 1 LIMIT 1   [ RunTime:0.0010s ]
NOTIC: [8] Undefined offset: 2 C:\php\phpstudy\WWW\devxiyue\Application\Admin\Controller\UserController.class.php 第 77 行.
SQL: SELECT SUM(curlnum) AS tp_sum FROM `p_huogui` WHERE `uid` = 8 AND `state` = 1 LIMIT 1   [ RunTime:0.0010s ]
INFO: [ app_end ] --START--
INFO: Run Behavior\ShowPageTraceBehavior [ RunTime:0.001000s ]
INFO: [ app_end ] --END-- [ RunTime:0.001000s ]

[ 2017-09-05T19:51:05+08:00 ] 127.0.0.1 /index.php/Admin/User/crontab
INFO: [ app_init ] --START--
INFO: Run Behavior\BuildLiteBehavior [ RunTime:0.000000s ]
INFO: [ app_init ] --END-- [ RunTime:0.001000s ]
INFO: [ app_begin ] --START--
INFO: Run Behavior\ReadHtmlCacheBehavior [ RunTime:0.000000s ]
INFO: [ app_begin ] --END-- [ RunTime:0.000000s ]
SQL: SHOW COLUMNS FROM `p_incomelog` [ RunTime:0.0100s ]
SQL: SELECT * FROM `p_incomelog` WHERE `addymd` = '2017-09-05' AND `type` = 10  [ RunTime:0.0010s ]
SQL: SHOW COLUMNS FROM `p_menber` [ RunTime:0.0070s ]
SQL: SELECT * FROM `p_menber`  [ RunTime:0.0010s ]
SQL: SHOW COLUMNS FROM `p_config` [ RunTime:0.0070s ]
SQL: SELECT * FROM `p_config` WHERE `id` = 21  [ RunTime:0.0010s ]

[ 2017-09-05T19:52:55+08:00 ] 127.0.0.1 /index.php/Admin/User/crontab
INFO: [ app_init ] --START--
INFO: Run Behavior\BuildLiteBehavior [ RunTime:0.000000s ]
INFO: [ app_init ] --END-- [ RunTime:0.001000s ]
INFO: [ app_begin ] --START--
INFO: Run Behavior\ReadHtmlCacheBehavior [ RunTime:0.001000s ]
INFO: [ app_begin ] --END-- [ RunTime:0.001000s ]
SQL: SHOW COLUMNS FROM `p_incomelog` [ RunTime:0.0070s ]
SQL: SELECT * FROM `p_incomelog` WHERE `addymd` = '2017-09-05' AND `type` = 10  [ RunTime:0.0010s ]
SQL: SHOW COLUMNS FROM `p_menber` [ RunTime:0.0070s ]
SQL: SELECT * FROM `p_menber`  [ RunTime:0.0000s ]
SQL: SHOW COLUMNS FROM `p_config` [ RunTime:0.0070s ]
SQL: SELECT * FROM `p_config` WHERE `id` = 21  [ RunTime:0.0010s ]
SQL: SHOW COLUMNS FROM `p_huogui` [ RunTime:0.0070s ]
SQL: SELECT * FROM `p_huogui` WHERE `uid` = 1 AND `state` = 1  [ RunTime:0.0000s ]

[ 2017-09-05T20:18:45+08:00 ] 127.0.0.1 /index.php/Admin/User/crontab
INFO: [ app_init ] --START--
INFO: Run Behavior\BuildLiteBehavior [ RunTime:0.000000s ]
INFO: [ app_init ] --END-- [ RunTime:0.000000s ]
INFO: [ app_begin ] --START--
INFO: Run Behavior\ReadHtmlCacheBehavior [ RunTime:0.000000s ]
INFO: [ app_begin ] --END-- [ RunTime:0.000000s ]
SQL: SHOW COLUMNS FROM `p_incomelog` [ RunTime:0.0090s ]
SQL: SELECT * FROM `p_incomelog` WHERE `addymd` = '2017-09-05' AND `type` = 10  [ RunTime:0.0010s ]
SQL: SHOW COLUMNS FROM `p_menber` [ RunTime:0.0070s ]
SQL: SHOW COLUMNS FROM `p_huogui` [ RunTime:0.0060s ]
SQL: SELECT * FROM `p_menber`  [ RunTime:0.0000s ]
SQL: SHOW COLUMNS FROM `p_config` [ RunTime:0.0080s ]
SQL: SELECT * FROM `p_config` WHERE `id` = 21  [ RunTime:0.0000s ]
SQL: SELECT * FROM `p_config` WHERE `id` = 22  [ RunTime:0.0010s ]
SQL: SELECT * FROM `p_huogui` WHERE `uid` = 1 AND `state` = 1  [ RunTime:0.0000s ]
SQL: SELECT SUM(income) AS tp_sum FROM `p_incomelog` WHERE `userid` = 1 AND `state` = 0 AND `cont` = '1' LIMIT 1   [ RunTime:0.0010s ]
NOTIC: [8] Undefined index: curlnum C:\php\phpstudy\WWW\devxiyue\Application\Admin\Controller\UserController.class.php 第 84 行.

[ 2017-09-05T20:20:45+08:00 ] 127.0.0.1 /index.php/Admin/User/crontab
INFO: [ app_init ] --START--
INFO: Run Behavior\BuildLiteBehavior [ RunTime:0.000000s ]
INFO: [ app_init ] --END-- [ RunTime:0.000000s ]
INFO: [ app_begin ] --START--
INFO: Run Behavior\ReadHtmlCacheBehavior [ RunTime:0.001000s ]
INFO: [ app_begin ] --END-- [ RunTime:0.001000s ]
SQL: SHOW COLUMNS FROM `p_incomelog` [ RunTime:0.0130s ]
SQL: SELECT * FROM `p_incomelog` WHERE `addymd` = '2017-09-05' AND `type` = 10  [ RunTime:0.0010s ]
SQL: SHOW COLUMNS FROM `p_menber` [ RunTime:0.0100s ]
SQL: SHOW COLUMNS FROM `p_huogui` [ RunTime:0.0100s ]
SQL: SELECT * FROM `p_menber`  [ RunTime:0.0010s ]
SQL: SHOW COLUMNS FROM `p_config` [ RunTime:0.0100s ]
SQL: SELECT * FROM `p_config` WHERE `id` = 21  [ RunTime:0.0010s ]
SQL: SELECT * FROM `p_config` WHERE `id` = 22  [ RunTime:0.0010s ]
SQL: SELECT * FROM `p_huogui` WHERE `uid` = 1 AND `state` = 1  [ RunTime:0.0010s ]
SQL: SELECT SUM(income) AS tp_sum FROM `p_incomelog` WHERE `userid` = 1 AND `state` = 0 AND `cont` = '1' LIMIT 1   [ RunTime:0.0010s ]
NOTIC: [8] Undefined index: curlnum C:\php\phpstudy\WWW\devxiyue\Application\Admin\Controller\UserController.class.php 第 84 行.
NOTIC: [8] Undefined variable: data C:\php\phpstudy\WWW\devxiyue\Application\Admin\Controller\UserController.class.php 第 126 行.

[ 2017-09-05T20:21:11+08:00 ] 127.0.0.1 /index.php/Admin/User/crontab
INFO: [ app_init ] --START--
INFO: Run Behavior\BuildLiteBehavior [ RunTime:0.000000s ]
INFO: [ app_init ] --END-- [ RunTime:0.000000s ]
INFO: [ app_begin ] --START--
INFO: Run Behavior\ReadHtmlCacheBehavior [ RunTime:0.000000s ]
INFO: [ app_begin ] --END-- [ RunTime:0.001000s ]
SQL: SHOW COLUMNS FROM `p_incomelog` [ RunTime:0.0100s ]
SQL: SELECT * FROM `p_incomelog` WHERE `addymd` = '2017-09-05' AND `type` = 10  [ RunTime:0.0010s ]
SQL: SHOW COLUMNS FROM `p_menber` [ RunTime:0.0100s ]
SQL: SHOW COLUMNS FROM `p_huogui` [ RunTime:0.0090s ]
SQL: SELECT * FROM `p_menber`  [ RunTime:0.0010s ]
SQL: SHOW COLUMNS FROM `p_config` [ RunTime:0.0110s ]
SQL: SELECT * FROM `p_config` WHERE `id` = 21  [ RunTime:0.0010s ]
SQL: SELECT * FROM `p_config` WHERE `id` = 22  [ RunTime:0.0010s ]
SQL: SELECT * FROM `p_huogui` WHERE `uid` = 1 AND `state` = 1  [ RunTime:0.0010s ]
SQL: SELECT SUM(income) AS tp_sum FROM `p_incomelog` WHERE `userid` = 1 AND `state` = 0 AND `cont` = '1' LIMIT 1   [ RunTime:0.0010s ]

[ 2017-09-05T20:21:34+08:00 ] 127.0.0.1 /index.php/Admin/User/crontab
INFO: [ app_init ] --START--
INFO: Run Behavior\BuildLiteBehavior [ RunTime:0.000000s ]
INFO: [ app_init ] --END-- [ RunTime:0.000000s ]
INFO: [ app_begin ] --START--
INFO: Run Behavior\ReadHtmlCacheBehavior [ RunTime:0.000000s ]
INFO: [ app_begin ] --END-- [ RunTime:0.000000s ]
SQL: SHOW COLUMNS FROM `p_incomelog` [ RunTime:0.0080s ]
SQL: SELECT * FROM `p_incomelog` WHERE `addymd` = '2017-09-05' AND `type` = 10  [ RunTime:0.0010s ]
SQL: SHOW COLUMNS FROM `p_menber` [ RunTime:0.0080s ]
SQL: SHOW COLUMNS FROM `p_huogui` [ RunTime:0.0090s ]
SQL: SELECT * FROM `p_menber`  [ RunTime:0.0010s ]
SQL: SHOW COLUMNS FROM `p_config` [ RunTime:0.0070s ]
SQL: SELECT * FROM `p_config` WHERE `id` = 21  [ RunTime:0.0010s ]
SQL: SELECT * FROM `p_config` WHERE `id` = 22  [ RunTime:0.0000s ]
SQL: SELECT * FROM `p_huogui` WHERE `uid` = 1 AND `state` = 1  [ RunTime:0.0010s ]
SQL: SELECT SUM(income) AS tp_sum FROM `p_incomelog` WHERE `userid` = 1 AND `state` = 0 AND `cont` = '1' LIMIT 1   [ RunTime:0.0000s ]

[ 2017-09-05T20:23:34+08:00 ] 127.0.0.1 /index.php/Admin/User/crontab
INFO: [ app_init ] --START--
INFO: Run Behavior\BuildLiteBehavior [ RunTime:0.000000s ]
INFO: [ app_init ] --END-- [ RunTime:0.000000s ]
INFO: [ app_begin ] --START--
INFO: Run Behavior\ReadHtmlCacheBehavior [ RunTime:0.002000s ]
INFO: [ app_begin ] --END-- [ RunTime:0.002000s ]
SQL: SHOW COLUMNS FROM `p_incomelog` [ RunTime:0.0060s ]
SQL: SELECT * FROM `p_incomelog` WHERE `addymd` = '2017-09-05' AND `type` = 10  [ RunTime:0.0000s ]
SQL: SHOW COLUMNS FROM `p_menber` [ RunTime:0.0060s ]
SQL: SHOW COLUMNS FROM `p_huogui` [ RunTime:0.0090s ]
SQL: SELECT * FROM `p_menber`  [ RunTime:0.0010s ]
SQL: SHOW COLUMNS FROM `p_config` [ RunTime:0.0060s ]
SQL: SELECT * FROM `p_config` WHERE `id` = 21  [ RunTime:0.0000s ]
SQL: SELECT * FROM `p_config` WHERE `id` = 22  [ RunTime:0.0010s ]
SQL: SELECT * FROM `p_huogui` WHERE `uid` = 1 AND `state` = 1  [ RunTime:0.0000s ]
SQL: SELECT SUM(income) AS tp_sum FROM `p_incomelog` WHERE `userid` = 1 AND `state` = 0 AND `cont` = '1' LIMIT 1   [ RunTime:0.0000s ]
SQL: UPDATE `p_huogui` SET `curlincome`='6' WHERE `id` = 11 [ RunTime:0.0010s ]
SQL: INSERT INTO `p_incomelog` (`state`,`reson`,`type`,`addymd`,`addtime`,`orderid`,`cont`,`userid`,`income`) VALUES ('0','货品静态收益','12','2017-09-05','1504614214','0','1','1','6') [ RunTime:0.0000s ]

[ 2017-09-05T20:23:44+08:00 ] 127.0.0.1 /index.php/Admin/User/crontab
INFO: [ app_init ] --START--
INFO: Run Behavior\BuildLiteBehavior [ RunTime:0.000000s ]
INFO: [ app_init ] --END-- [ RunTime:0.001000s ]
INFO: [ app_begin ] --START--
INFO: Run Behavior\ReadHtmlCacheBehavior [ RunTime:0.000000s ]
INFO: [ app_begin ] --END-- [ RunTime:0.000000s ]
SQL: SHOW COLUMNS FROM `p_incomelog` [ RunTime:0.0090s ]
SQL: SELECT * FROM `p_incomelog` WHERE `addymd` = '2017-09-05' AND `type` = 10  [ RunTime:0.0010s ]
SQL: SHOW COLUMNS FROM `p_menber` [ RunTime:0.0060s ]
SQL: SHOW COLUMNS FROM `p_huogui` [ RunTime:0.0080s ]
SQL: SELECT * FROM `p_menber`  [ RunTime:0.0000s ]
SQL: SHOW COLUMNS FROM `p_config` [ RunTime:0.0060s ]
SQL: SELECT * FROM `p_config` WHERE `id` = 21  [ RunTime:0.0000s ]
SQL: SELECT * FROM `p_config` WHERE `id` = 22  [ RunTime:0.0000s ]
SQL: SELECT * FROM `p_huogui` WHERE `uid` = 1 AND `state` = 1  [ RunTime:0.0010s ]
SQL: SELECT SUM(income) AS tp_sum FROM `p_incomelog` WHERE `userid` = 1 AND `state` = 0 AND `cont` = '1' LIMIT 1   [ RunTime:0.0000s ]
SQL: UPDATE `p_huogui` SET `curlincome`='12' WHERE `id` = 11 [ RunTime:0.0010s ]
SQL: INSERT INTO `p_incomelog` (`state`,`reson`,`type`,`addymd`,`addtime`,`orderid`,`cont`,`userid`,`income`) VALUES ('0','货品静态收益','12','2017-09-05','1504614224','0','1','1','6') [ RunTime:0.0000s ]

[ 2017-09-05T20:24:05+08:00 ] 127.0.0.1 /index.php/Admin/User/crontab
INFO: [ app_init ] --START--
INFO: Run Behavior\BuildLiteBehavior [ RunTime:0.000000s ]
INFO: [ app_init ] --END-- [ RunTime:0.000000s ]
INFO: [ app_begin ] --START--
INFO: Run Behavior\ReadHtmlCacheBehavior [ RunTime:0.001000s ]
INFO: [ app_begin ] --END-- [ RunTime:0.001000s ]
SQL: SHOW COLUMNS FROM `p_incomelog` [ RunTime:0.0080s ]
SQL: SELECT * FROM `p_incomelog` WHERE `addymd` = '2017-09-05' AND `type` = 10  [ RunTime:0.0010s ]
SQL: SHOW COLUMNS FROM `p_menber` [ RunTime:0.0070s ]
SQL: SHOW COLUMNS FROM `p_huogui` [ RunTime:0.0060s ]
SQL: SELECT * FROM `p_menber`  [ RunTime:0.0010s ]
SQL: SHOW COLUMNS FROM `p_config` [ RunTime:0.0080s ]
SQL: SELECT * FROM `p_config` WHERE `id` = 21  [ RunTime:0.0010s ]
SQL: SELECT * FROM `p_config` WHERE `id` = 22  [ RunTime:0.0000s ]
SQL: SELECT * FROM `p_huogui` WHERE `uid` = 1 AND `state` = 1  [ RunTime:0.0010s ]
SQL: SELECT SUM(income) AS tp_sum FROM `p_incomelog` WHERE `userid` = 1 AND `state` = 0 AND `cont` = '1' LIMIT 1   [ RunTime:0.0000s ]
SQL: UPDATE `p_huogui` SET `curlincome`='18' WHERE `id` = 11 [ RunTime:0.0000s ]
SQL: INSERT INTO `p_incomelog` (`state`,`reson`,`type`,`addymd`,`addtime`,`orderid`,`cont`,`userid`,`income`) VALUES ('0','货品静态收益','12','2017-09-05','1504614245','0','1','1','6') [ RunTime:0.0010s ]
SQL: SELECT SUM(income) AS tp_sum FROM `p_incomelog` WHERE `userid` = 1 AND `state` = 0 AND `cont` = '2' LIMIT 1   [ RunTime:0.0000s ]
SQL: UPDATE `p_huogui` SET `curlincome`='1' WHERE `id` = 12 [ RunTime:0.0010s ]
SQL: INSERT INTO `p_incomelog` (`state`,`reson`,`type`,`addymd`,`addtime`,`orderid`,`cont`,`userid`,`income`) VALUES ('0','货品静态收益','12','2017-09-05','1504614245','0','2','1','1') [ RunTime:0.0000s ]

[ 2017-09-05T20:26:08+08:00 ] 127.0.0.1 /index.php/Admin/User/crontab
INFO: [ app_init ] --START--
INFO: Run Behavior\BuildLiteBehavior [ RunTime:0.000000s ]
INFO: [ app_init ] --END-- [ RunTime:0.001000s ]
INFO: [ app_begin ] --START--
INFO: Run Behavior\ReadHtmlCacheBehavior [ RunTime:0.001000s ]
INFO: [ app_begin ] --END-- [ RunTime:0.001000s ]
SQL: SHOW COLUMNS FROM `p_incomelog` [ RunTime:0.0080s ]
SQL: SELECT * FROM `p_incomelog` WHERE `addymd` = '2017-09-05' AND `type` = 10  [ RunTime:0.0000s ]
SQL: SHOW COLUMNS FROM `p_menber` [ RunTime:0.0070s ]
SQL: SHOW COLUMNS FROM `p_huogui` [ RunTime:0.0070s ]
SQL: SELECT * FROM `p_menber`  [ RunTime:0.0010s ]
SQL: SHOW COLUMNS FROM `p_config` [ RunTime:0.0050s ]
SQL: SELECT * FROM `p_config` WHERE `id` = 21  [ RunTime:0.0010s ]
SQL: SELECT * FROM `p_config` WHERE `id` = 22  [ RunTime:0.0000s ]
SQL: SELECT * FROM `p_huogui` WHERE `uid` = 1 AND `state` = 1  [ RunTime:0.0000s ]
NOTIC: [8] Undefined variable: data C:\php\phpstudy\WWW\devxiyue\Application\Admin\Controller\UserController.class.php 第 126 行.

[ 2017-09-05T20:27:00+08:00 ] 127.0.0.1 /index.php/Admin/User/crontab
INFO: [ app_init ] --START--
INFO: Run Behavior\BuildLiteBehavior [ RunTime:0.000000s ]
INFO: [ app_init ] --END-- [ RunTime:0.000000s ]
INFO: [ app_begin ] --START--
INFO: Run Behavior\ReadHtmlCacheBehavior [ RunTime:0.001001s ]
INFO: [ app_begin ] --END-- [ RunTime:0.001001s ]
SQL: SHOW COLUMNS FROM `p_incomelog` [ RunTime:0.0100s ]
SQL: SELECT * FROM `p_incomelog` WHERE `addymd` = '2017-09-05' AND `type` = 10  [ RunTime:0.0000s ]
SQL: SHOW COLUMNS FROM `p_menber` [ RunTime:0.0090s ]
SQL: SHOW COLUMNS FROM `p_huogui` [ RunTime:0.0060s ]
SQL: SELECT * FROM `p_menber`  [ RunTime:0.0000s ]
SQL: SHOW COLUMNS FROM `p_config` [ RunTime:0.0060s ]
SQL: SELECT * FROM `p_config` WHERE `id` = 21  [ RunTime:0.0010s ]
SQL: SELECT * FROM `p_config` WHERE `id` = 22  [ RunTime:0.0010s ]
SQL: SELECT * FROM `p_huogui` WHERE `uid` = 1 AND `state` = 1  [ RunTime:0.0000s ]
SQL: SELECT * FROM `p_huogui` WHERE `uid` = 4 AND `state` = 1  [ RunTime:0.0010s ]
SQL: SELECT SUM(income) AS tp_sum FROM `p_incomelog` WHERE `userid` = 4 AND `state` = 0 AND `cont` = '1' LIMIT 1   [ RunTime:0.0000s ]
SQL: UPDATE `p_huogui` SET `curlincome`='6' WHERE `id` = 21 [ RunTime:0.0010s ]
SQL: INSERT INTO `p_incomelog` (`state`,`reson`,`type`,`addymd`,`addtime`,`orderid`,`cont`,`userid`,`income`) VALUES ('0','货品静态收益','12','2017-09-05','1504614420','0','1','4','6') [ RunTime:0.0000s ]

[ 2017-09-05T20:27:56+08:00 ] 127.0.0.1 /index.php/Admin/User/crontab
INFO: [ app_init ] --START--
INFO: Run Behavior\BuildLiteBehavior [ RunTime:0.000000s ]
INFO: [ app_init ] --END-- [ RunTime:0.001000s ]
INFO: [ app_begin ] --START--
INFO: Run Behavior\ReadHtmlCacheBehavior [ RunTime:0.000000s ]
INFO: [ app_begin ] --END-- [ RunTime:0.000000s ]
SQL: SHOW COLUMNS FROM `p_incomelog` [ RunTime:0.0070s ]
SQL: SELECT * FROM `p_incomelog` WHERE `addymd` = '2017-09-05' AND `type` = 10  [ RunTime:0.0010s ]
SQL: SHOW COLUMNS FROM `p_menber` [ RunTime:0.0070s ]
SQL: SHOW COLUMNS FROM `p_huogui` [ RunTime:0.0090s ]
SQL: SELECT * FROM `p_menber`  [ RunTime:0.0010s ]
SQL: SHOW COLUMNS FROM `p_config` [ RunTime:0.0100s ]
SQL: SELECT * FROM `p_config` WHERE `id` = 21  [ RunTime:0.0010s ]
SQL: SELECT * FROM `p_config` WHERE `id` = 22  [ RunTime:0.0010s ]
SQL: SELECT * FROM `p_huogui` WHERE `uid` = 1 AND `state` = 1  [ RunTime:0.0000s ]
SQL: SELECT * FROM `p_huogui` WHERE `uid` = 4 AND `state` = 1  [ RunTime:0.0010s ]
SQL: SELECT SUM(income) AS tp_sum FROM `p_incomelog` WHERE `userid` = 4 AND `state` = 0 AND `cont` = '1' LIMIT 1   [ RunTime:0.0010s ]
SQL: UPDATE `p_huogui` SET `curlincome`='12' WHERE `id` = 21 [ RunTime:0.0010s ]
SQL: INSERT INTO `p_incomelog` (`state`,`reson`,`type`,`addymd`,`addtime`,`orderid`,`cont`,`userid`,`income`) VALUES ('0','货品静态收益','12','2017-09-05','1504614476','0','1','4','6') [ RunTime:0.0010s ]

[ 2017-09-05T20:28:30+08:00 ] 127.0.0.1 /index.php/Admin/User/crontab
INFO: [ app_init ] --START--
INFO: Run Behavior\BuildLiteBehavior [ RunTime:0.000000s ]
INFO: [ app_init ] --END-- [ RunTime:0.001001s ]
INFO: [ app_begin ] --START--
INFO: Run Behavior\ReadHtmlCacheBehavior [ RunTime:0.001000s ]
INFO: [ app_begin ] --END-- [ RunTime:0.001000s ]
SQL: SHOW COLUMNS FROM `p_incomelog` [ RunTime:0.0080s ]
SQL: SELECT * FROM `p_incomelog` WHERE `addymd` = '2017-09-05' AND `type` = 10  [ RunTime:0.0010s ]
SQL: SHOW COLUMNS FROM `p_menber` [ RunTime:0.0070s ]
SQL: SHOW COLUMNS FROM `p_huogui` [ RunTime:0.0080s ]
SQL: SELECT * FROM `p_menber`  [ RunTime:0.0010s ]
SQL: SHOW COLUMNS FROM `p_config` [ RunTime:0.0070s ]
SQL: SELECT * FROM `p_config` WHERE `id` = 21  [ RunTime:0.0010s ]
SQL: SELECT * FROM `p_config` WHERE `id` = 22  [ RunTime:0.0010s ]
SQL: SELECT * FROM `p_huogui` WHERE `uid` = 1 AND `state` = 1  [ RunTime:0.0010s ]
SQL: SELECT * FROM `p_huogui` WHERE `uid` = 4 AND `state` = 1  [ RunTime:0.0000s ]
SQL: SELECT SUM(income) AS tp_sum FROM `p_incomelog` WHERE `userid` = 4 AND `state` = 0 AND `cont` = '1' LIMIT 1   [ RunTime:0.0000s ]
SQL: UPDATE `p_huogui` SET `curlincome`='18' WHERE `id` = 21 [ RunTime:0.0000s ]

[ 2017-09-05T20:28:53+08:00 ] 127.0.0.1 /index.php/Admin/User/crontab
INFO: [ app_init ] --START--
INFO: Run Behavior\BuildLiteBehavior [ RunTime:0.000000s ]
INFO: [ app_init ] --END-- [ RunTime:0.000000s ]
INFO: [ app_begin ] --START--
INFO: Run Behavior\ReadHtmlCacheBehavior [ RunTime:0.000000s ]
INFO: [ app_begin ] --END-- [ RunTime:0.001000s ]
SQL: SHOW COLUMNS FROM `p_incomelog` [ RunTime:0.0090s ]
SQL: SELECT * FROM `p_incomelog` WHERE `addymd` = '2017-09-05' AND `type` = 10  [ RunTime:0.0020s ]
SQL: SHOW COLUMNS FROM `p_menber` [ RunTime:0.0090s ]
SQL: SHOW COLUMNS FROM `p_huogui` [ RunTime:0.0090s ]
SQL: SELECT * FROM `p_menber`  [ RunTime:0.0010s ]
SQL: SHOW COLUMNS FROM `p_config` [ RunTime:0.0070s ]
SQL: SELECT * FROM `p_config` WHERE `id` = 21  [ RunTime:0.0010s ]
SQL: SELECT * FROM `p_config` WHERE `id` = 22  [ RunTime:0.0010s ]
SQL: SELECT * FROM `p_huogui` WHERE `uid` = 1 AND `state` = 1  [ RunTime:0.0010s ]
SQL: SELECT * FROM `p_huogui` WHERE `uid` = 4 AND `state` = 1  [ RunTime:0.0010s ]
SQL: SELECT SUM(income) AS tp_sum FROM `p_incomelog` WHERE `userid` = 4 AND `state` = 0 AND `cont` = '1' LIMIT 1   [ RunTime:0.0010s ]
SQL: UPDATE `p_huogui` SET `curlincome`='24' WHERE `id` = 21 [ RunTime:0.0010s ]

[ 2017-09-05T20:29:06+08:00 ] 127.0.0.1 /index.php/Admin/User/crontab
INFO: [ app_init ] --START--
INFO: Run Behavior\BuildLiteBehavior [ RunTime:0.000000s ]
INFO: [ app_init ] --END-- [ RunTime:0.000000s ]
INFO: [ app_begin ] --START--
INFO: Run Behavior\ReadHtmlCacheBehavior [ RunTime:0.001000s ]
INFO: [ app_begin ] --END-- [ RunTime:0.001000s ]
SQL: SHOW COLUMNS FROM `p_incomelog` [ RunTime:0.0080s ]
SQL: SELECT * FROM `p_incomelog` WHERE `addymd` = '2017-09-05' AND `type` = 10  [ RunTime:0.0010s ]
SQL: SHOW COLUMNS FROM `p_menber` [ RunTime:0.0130s ]
SQL: SHOW COLUMNS FROM `p_huogui` [ RunTime:0.0080s ]
SQL: SELECT * FROM `p_menber`  [ RunTime:0.0010s ]
SQL: SHOW COLUMNS FROM `p_config` [ RunTime:0.0070s ]
SQL: SELECT * FROM `p_config` WHERE `id` = 21  [ RunTime:0.0010s ]
SQL: SELECT * FROM `p_config` WHERE `id` = 22  [ RunTime:0.0000s ]
SQL: SELECT * FROM `p_huogui` WHERE `uid` = 1 AND `state` = 1  [ RunTime:0.0010s ]
SQL: SELECT * FROM `p_huogui` WHERE `uid` = 4 AND `state` = 1  [ RunTime:0.0010s ]
SQL: SELECT SUM(income) AS tp_sum FROM `p_incomelog` WHERE `userid` = 4 AND `state` = 0 AND `cont` = '1' LIMIT 1   [ RunTime:0.0010s ]
SQL: UPDATE `p_huogui` SET `curlincome`='30' WHERE `id` = 21 [ RunTime:0.0010s ]

[ 2017-09-05T20:33:59+08:00 ] 127.0.0.1 /index.php/Admin/User/crontab
INFO: [ app_init ] --START--
INFO: Run Behavior\BuildLiteBehavior [ RunTime:0.000000s ]
INFO: [ app_init ] --END-- [ RunTime:0.001000s ]
INFO: [ app_begin ] --START--
INFO: Run Behavior\ReadHtmlCacheBehavior [ RunTime:0.001000s ]
INFO: [ app_begin ] --END-- [ RunTime:0.001000s ]
SQL: SHOW COLUMNS FROM `p_incomelog` [ RunTime:0.0070s ]
SQL: SELECT * FROM `p_incomelog` WHERE `addymd` = '2017-09-05' AND `type` = 10  [ RunTime:0.0010s ]
SQL: SHOW COLUMNS FROM `p_menber` [ RunTime:0.0070s ]
SQL: SHOW COLUMNS FROM `p_huogui` [ RunTime:0.0070s ]
SQL: SELECT * FROM `p_menber`  [ RunTime:0.0010s ]
SQL: SHOW COLUMNS FROM `p_config` [ RunTime:0.0070s ]
SQL: SELECT * FROM `p_config` WHERE `id` = 21  [ RunTime:0.0010s ]
SQL: SELECT * FROM `p_config` WHERE `id` = 22  [ RunTime:0.0000s ]
SQL: SELECT * FROM `p_huogui` WHERE `uid` = 1 AND `state` = 1  [ RunTime:0.0010s ]
SQL: UPDATE `p_huogui` SET `curlincome`='24' WHERE `id` = 11 [ RunTime:0.0010s ]
SQL: INSERT INTO `p_incomelog` (`state`,`reson`,`type`,`addymd`,`addtime`,`orderid`,`cont`,`userid`,`income`) VALUES ('0','货品静态收益','12','2017-09-05','1504614839','0','1','1','6') [ RunTime:0.0010s ]
SQL: SELECT * FROM `p_huogui` WHERE `uid` = 4 AND `state` = 1  [ RunTime:0.0000s ]
SQL: UPDATE `p_huogui` SET `curlincome`='36' WHERE `id` = 21 [ RunTime:0.0000s ]
SQL: INSERT INTO `p_incomelog` (`state`,`reson`,`type`,`addymd`,`addtime`,`orderid`,`cont`,`userid`,`income`) VALUES ('0','货品静态收益','12','2017-09-05','1504614839','0','1','4','6') [ RunTime:0.0000s ]
SQL: INSERT INTO `p_incomelog` (`state`,`reson`,`type`,`addymd`,`addtime`,`orderid`,`cont`,`userid`,`income`) VALUES ('0','下级拆分收益','10','2017-09-05','1504614839','0','0','1','0.06') [ RunTime:0.0010s ]
SQL: SELECT * FROM `p_huogui` WHERE `uid` = 8 AND `state` = 1  [ RunTime:0.0010s ]
INFO: [ app_end ] --START--
INFO: Run Behavior\ShowPageTraceBehavior [ RunTime:0.000000s ]
INFO: [ app_end ] --END-- [ RunTime:0.000000s ]

[ 2017-09-05T20:35:30+08:00 ] 127.0.0.1 /index.php/Admin/User/crontab
INFO: [ app_init ] --START--
INFO: Run Behavior\BuildLiteBehavior [ RunTime:0.000000s ]
INFO: [ app_init ] --END-- [ RunTime:0.000000s ]
INFO: [ app_begin ] --START--
INFO: Run Behavior\ReadHtmlCacheBehavior [ RunTime:0.001000s ]
INFO: [ app_begin ] --END-- [ RunTime:0.001000s ]
SQL: SHOW COLUMNS FROM `p_incomelog` [ RunTime:0.0070s ]
SQL: SELECT * FROM `p_incomelog` WHERE `addymd` = '2017-09-05' AND `type` = 10  [ RunTime:0.0010s ]
SQL: SHOW COLUMNS FROM `p_menber` [ RunTime:0.0080s ]
SQL: SHOW COLUMNS FROM `p_huogui` [ RunTime:0.0070s ]
SQL: SELECT * FROM `p_menber`  [ RunTime:0.0010s ]
SQL: SHOW COLUMNS FROM `p_config` [ RunTime:0.0100s ]
SQL: SELECT * FROM `p_config` WHERE `id` = 21  [ RunTime:0.0020s ]
SQL: SELECT * FROM `p_config` WHERE `id` = 22  [ RunTime:0.0010s ]
SQL: SELECT * FROM `p_huogui` WHERE `uid` = 1 AND `state` = 1  [ RunTime:0.0020s ]
SQL: UPDATE `p_huogui` SET `curlincome`='6' WHERE `id` = 11 [ RunTime:0.0010s ]
SQL: INSERT INTO `p_incomelog` (`state`,`reson`,`type`,`addymd`,`addtime`,`orderid`,`cont`,`userid`,`income`) VALUES ('0','货品静态收益','12','2017-09-05','1504614930','0','1','1','6') [ RunTime:0.0010s ]
SQL: SELECT * FROM `p_huogui` WHERE `uid` = 4 AND `state` = 1  [ RunTime:0.0010s ]
SQL: UPDATE `p_huogui` SET `curlincome`='6' WHERE `id` = 21 [ RunTime:0.0010s ]
SQL: INSERT INTO `p_incomelog` (`state`,`reson`,`type`,`addymd`,`addtime`,`orderid`,`cont`,`userid`,`income`) VALUES ('0','货品静态收益','12','2017-09-05','1504614930','0','1','4','6') [ RunTime:0.0010s ]
SQL: INSERT INTO `p_incomelog` (`state`,`reson`,`type`,`addymd`,`addtime`,`orderid`,`cont`,`userid`,`income`) VALUES ('0','下级拆分收益','10','2017-09-05','1504614930','508','','1','0.06') [ RunTime:0.0010s ]
SQL: SELECT * FROM `p_huogui` WHERE `uid` = 8 AND `state` = 1  [ RunTime:0.0020s ]
INFO: [ app_end ] --START--
INFO: Run Behavior\ShowPageTraceBehavior [ RunTime:0.001000s ]
INFO: [ app_end ] --END-- [ RunTime:0.001000s ]

[ 2017-09-05T20:37:06+08:00 ] 127.0.0.1 /index.php/Admin/User/crontab
INFO: [ app_init ] --START--
INFO: Run Behavior\BuildLiteBehavior [ RunTime:0.000000s ]
INFO: [ app_init ] --END-- [ RunTime:0.000000s ]
INFO: [ app_begin ] --START--
INFO: Run Behavior\ReadHtmlCacheBehavior [ RunTime:0.000000s ]
INFO: [ app_begin ] --END-- [ RunTime:0.000000s ]
SQL: SHOW COLUMNS FROM `p_incomelog` [ RunTime:0.0090s ]
SQL: SELECT * FROM `p_incomelog` WHERE `addymd` = '2017-09-05' AND `type` = 10  [ RunTime:0.0010s ]
SQL: SHOW COLUMNS FROM `p_menber` [ RunTime:0.0090s ]
SQL: SHOW COLUMNS FROM `p_huogui` [ RunTime:0.0070s ]
SQL: SELECT * FROM `p_menber`  [ RunTime:0.0010s ]
SQL: SHOW COLUMNS FROM `p_config` [ RunTime:0.0080s ]
SQL: SELECT * FROM `p_config` WHERE `id` = 21  [ RunTime:0.0010s ]
SQL: SELECT * FROM `p_config` WHERE `id` = 22  [ RunTime:0.0010s ]
SQL: SELECT * FROM `p_huogui` WHERE `uid` = 1 AND `state` = 1  [ RunTime:0.0010s ]
SQL: UPDATE `p_huogui` SET `curlincome`='12' WHERE `id` = 11 [ RunTime:0.0010s ]
SQL: INSERT INTO `p_incomelog` (`state`,`reson`,`type`,`addymd`,`addtime`,`orderid`,`cont`,`userid`,`income`) VALUES ('0','货品静态收益','12','2017-09-05','1504615026','0','1','1','6') [ RunTime:0.0010s ]
SQL: SELECT * FROM `p_huogui` WHERE `uid` = 4 AND `state` = 1  [ RunTime:0.0000s ]
SQL: UPDATE `p_huogui` SET `curlincome`='12' WHERE `id` = 21 [ RunTime:0.0010s ]
SQL: INSERT INTO `p_incomelog` (`state`,`reson`,`type`,`addymd`,`addtime`,`orderid`,`cont`,`userid`,`income`) VALUES ('0','货品静态收益','12','2017-09-05','1504615026','0','1','4','6') [ RunTime:0.0010s ]
SQL: INSERT INTO `p_incomelog` (`state`,`reson`,`type`,`addymd`,`addtime`,`orderid`,`cont`,`userid`,`income`) VALUES ('0','下级拆分收益','10','2017-09-05','1504615026','511','','1','0.06') [ RunTime:0.0000s ]
SQL: SELECT * FROM `p_huogui` WHERE `uid` = 8 AND `state` = 1  [ RunTime:0.0010s ]
INFO: [ app_end ] --START--
INFO: Run Behavior\ShowPageTraceBehavior [ RunTime:0.001000s ]
INFO: [ app_end ] --END-- [ RunTime:0.001000s ]

[ 2017-09-05T20:38:57+08:00 ] 127.0.0.1 /index.php/Admin/User/crontab
INFO: [ app_init ] --START--
INFO: Run Behavior\BuildLiteBehavior [ RunTime:0.000000s ]
INFO: [ app_init ] --END-- [ RunTime:0.001000s ]
INFO: [ app_begin ] --START--
INFO: Run Behavior\ReadHtmlCacheBehavior [ RunTime:0.001000s ]
INFO: [ app_begin ] --END-- [ RunTime:0.001000s ]
SQL: SHOW COLUMNS FROM `p_incomelog` [ RunTime:0.0070s ]
SQL: SELECT * FROM `p_incomelog` WHERE `addymd` = '2017-09-05' AND `type` = 10  [ RunTime:0.0010s ]
SQL: SHOW COLUMNS FROM `p_menber` [ RunTime:0.0090s ]
SQL: SHOW COLUMNS FROM `p_huogui` [ RunTime:0.0060s ]
SQL: SELECT * FROM `p_menber`  [ RunTime:0.0010s ]
SQL: SHOW COLUMNS FROM `p_config` [ RunTime:0.0080s ]
SQL: SELECT * FROM `p_config` WHERE `id` = 21  [ RunTime:0.0010s ]
SQL: SELECT * FROM `p_config` WHERE `id` = 22  [ RunTime:0.0010s ]
SQL: SELECT * FROM `p_huogui` WHERE `uid` = 1 AND `state` = 1  [ RunTime:0.0010s ]
SQL: UPDATE `p_huogui` SET `curlincome`='18' WHERE `id` = 11 [ RunTime:0.0010s ]
SQL: INSERT INTO `p_incomelog` (`state`,`reson`,`type`,`addymd`,`addtime`,`orderid`,`cont`,`userid`,`income`) VALUES ('0','货品静态收益','12','2017-09-05','1504615137','0','1','1','6') [ RunTime:0.0010s ]
SQL: SELECT * FROM `p_huogui` WHERE `uid` = 4 AND `state` = 1  [ RunTime:0.0010s ]
SQL: UPDATE `p_huogui` SET `curlincome`='18' WHERE `id` = 21 [ RunTime:0.0000s ]
SQL: INSERT INTO `p_incomelog` (`state`,`reson`,`type`,`addymd`,`addtime`,`orderid`,`cont`,`userid`,`income`) VALUES ('0','货品静态收益','12','2017-09-05','1504615137','0','1','4','6') [ RunTime:0.0000s ]
SQL: INSERT INTO `p_incomelog` (`state`,`reson`,`type`,`addymd`,`addtime`,`orderid`,`cont`,`userid`,`income`) VALUES ('0','下级拆分收益','10','2017-09-05','1504615137','103','103','1','0.06') [ RunTime:0.0010s ]
SQL: SELECT * FROM `p_huogui` WHERE `uid` = 8 AND `state` = 1  [ RunTime:0.0010s ]
INFO: [ app_end ] --START--
INFO: Run Behavior\ShowPageTraceBehavior [ RunTime:0.000000s ]
INFO: [ app_end ] --END-- [ RunTime:0.000000s ]

[ 2017-09-05T20:42:41+08:00 ] 127.0.0.1 /index.php/Admin
INFO: [ app_init ] --START--
INFO: Run Behavior\BuildLiteBehavior [ RunTime:0.000000s ]
INFO: [ app_init ] --END-- [ RunTime:0.001000s ]
INFO: [ app_begin ] --START--
INFO: Run Behavior\ReadHtmlCacheBehavior [ RunTime:0.000000s ]
INFO: [ app_begin ] --END-- [ RunTime:0.000000s ]
NOTIC: [8] Undefined index: uname C:\php\phpstudy\WWW\devxiyue\Application\Admin\Controller\CommonController.class.php 第 7 行.

[ 2017-09-05T20:42:41+08:00 ] 127.0.0.1 /index.php/Admin/User/login
INFO: [ app_init ] --START--
INFO: Run Behavior\BuildLiteBehavior [ RunTime:0.000000s ]
INFO: [ app_init ] --END-- [ RunTime:0.000000s ]
INFO: [ app_begin ] --START--
INFO: Run Behavior\ReadHtmlCacheBehavior [ RunTime:0.000000s ]
INFO: [ app_begin ] --END-- [ RunTime:0.000000s ]
INFO: [ view_parse ] --START--
INFO: [ template_filter ] --START--
INFO: Run Behavior\ContentReplaceBehavior [ RunTime:0.001000s ]
INFO: [ template_filter ] --END-- [ RunTime:0.001000s ]
INFO: Run Behavior\ParseTemplateBehavior [ RunTime:0.018001s ]
INFO: [ view_parse ] --END-- [ RunTime:0.018001s ]
INFO: [ view_filter ] --START--
INFO: Run Behavior\WriteHtmlCacheBehavior [ RunTime:0.001000s ]
INFO: [ view_filter ] --END-- [ RunTime:0.001000s ]
INFO: [ app_end ] --START--
INFO: Run Behavior\ShowPageTraceBehavior [ RunTime:0.001000s ]
INFO: [ app_end ] --END-- [ RunTime:0.001000s ]

[ 2017-09-05T20:42:47+08:00 ] 127.0.0.1 /index.php/Admin/User/login
INFO: [ app_init ] --START--
INFO: Run Behavior\BuildLiteBehavior [ RunTime:0.000000s ]
INFO: [ app_init ] --END-- [ RunTime:0.000000s ]
INFO: [ app_begin ] --START--
INFO: Run Behavior\ReadHtmlCacheBehavior [ RunTime:0.001000s ]
INFO: [ app_begin ] --END-- [ RunTime:0.001000s ]
SQL: SHOW COLUMNS FROM `p_user` [ RunTime:0.0110s ]
SQL: SELECT * FROM `p_user` WHERE `name` = 'admin' AND `password` = '123asd'  [ RunTime:0.0010s ]
INFO: [ view_parse ] --START--
INFO: [ template_filter ] --START--
INFO: Run Behavior\ContentReplaceBehavior [ RunTime:0.000000s ]
INFO: [ template_filter ] --END-- [ RunTime:0.001000s ]
INFO: Run Behavior\ParseTemplateBehavior [ RunTime:0.007000s ]
INFO: [ view_parse ] --END-- [ RunTime:0.007000s ]
INFO: [ view_filter ] --START--
INFO: Run Behavior\WriteHtmlCacheBehavior [ RunTime:0.001000s ]
INFO: [ view_filter ] --END-- [ RunTime:0.001000s ]
INFO: [ app_end ] --START--
INFO: Run Behavior\ShowPageTraceBehavior [ RunTime:0.001000s ]
INFO: [ app_end ] --END-- [ RunTime:0.001000s ]

[ 2017-09-05T20:42:47+08:00 ] 127.0.0.1 /index.php/Admin/Index/main
INFO: [ app_init ] --START--
INFO: Run Behavior\BuildLiteBehavior [ RunTime:0.000000s ]
INFO: [ app_init ] --END-- [ RunTime:0.001000s ]
INFO: [ app_begin ] --START--
INFO: Run Behavior\ReadHtmlCacheBehavior [ RunTime:0.000000s ]
INFO: [ app_begin ] --END-- [ RunTime:0.000000s ]
SQL: SHOW COLUMNS FROM `p_user` [ RunTime:0.0080s ]
SQL: SELECT * FROM `p_user` WHERE `name` = 'admin'  [ RunTime:0.0010s ]
SQL: SELECT * FROM `p_user`  [ RunTime:0.0010s ]
INFO: [ view_parse ] --START--
NOTIC: [2] file_get_contents(./Public/conn/header.html): failed to open stream: No such file or directory C:\php\phpstudy\WWW\devxiyue\ThinkPHP\Library\Think\Template.class.php 第 696 行.
INFO: [ template_filter ] --START--
INFO: Run Behavior\ContentReplaceBehavior [ RunTime:0.000000s ]
INFO: [ template_filter ] --END-- [ RunTime:0.000000s ]
INFO: Run Behavior\ParseTemplateBehavior [ RunTime:0.012000s ]
INFO: [ view_parse ] --END-- [ RunTime:0.012000s ]
INFO: [ view_filter ] --START--
INFO: Run Behavior\WriteHtmlCacheBehavior [ RunTime:0.000000s ]
INFO: [ view_filter ] --END-- [ RunTime:0.000000s ]
INFO: [ app_end ] --START--
INFO: Run Behavior\ShowPageTraceBehavior [ RunTime:0.001001s ]
INFO: [ app_end ] --END-- [ RunTime:0.001001s ]

[ 2017-09-05T20:42:49+08:00 ] 127.0.0.1 /index.php/Admin/Config/index
INFO: [ app_init ] --START--
INFO: Run Behavior\BuildLiteBehavior [ RunTime:0.000000s ]
INFO: [ app_init ] --END-- [ RunTime:0.000000s ]
INFO: [ app_begin ] --START--
INFO: Run Behavior\ReadHtmlCacheBehavior [ RunTime:0.001000s ]
INFO: [ app_begin ] --END-- [ RunTime:0.001000s ]
SQL: SHOW COLUMNS FROM `p_user` [ RunTime:0.0090s ]
SQL: SELECT * FROM `p_user` WHERE `name` = 'admin'  [ RunTime:0.0010s ]
SQL: SHOW COLUMNS FROM `p_config` [ RunTime:0.0100s ]
SQL: SELECT * FROM `p_config` ORDER BY id asc  [ RunTime:0.0010s ]
INFO: [ view_parse ] --START--
INFO: [ template_filter ] --START--
INFO: Run Behavior\ContentReplaceBehavior [ RunTime:0.000000s ]
INFO: [ template_filter ] --END-- [ RunTime:0.000000s ]
INFO: Run Behavior\ParseTemplateBehavior [ RunTime:0.014001s ]
INFO: [ view_parse ] --END-- [ RunTime:0.014001s ]
INFO: [ view_filter ] --START--
INFO: Run Behavior\WriteHtmlCacheBehavior [ RunTime:0.000000s ]
INFO: [ view_filter ] --END-- [ RunTime:0.000000s ]
INFO: [ app_end ] --START--
INFO: Run Behavior\ShowPageTraceBehavior [ RunTime:0.001000s ]
INFO: [ app_end ] --END-- [ RunTime:0.001000s ]

[ 2017-09-05T20:43:45+08:00 ] 127.0.0.1 /index.php/Admin/Config/index
INFO: [ app_init ] --START--
INFO: Run Behavior\BuildLiteBehavior [ RunTime:0.000000s ]
INFO: [ app_init ] --END-- [ RunTime:0.001000s ]
INFO: [ app_begin ] --START--
INFO: Run Behavior\ReadHtmlCacheBehavior [ RunTime:0.001000s ]
INFO: [ app_begin ] --END-- [ RunTime:0.001000s ]
SQL: SHOW COLUMNS FROM `p_user` [ RunTime:0.0100s ]
SQL: SELECT * FROM `p_user` WHERE `name` = 'admin'  [ RunTime:0.0010s ]
SQL: SHOW COLUMNS FROM `p_config` [ RunTime:0.0080s ]
SQL: SELECT * FROM `p_config` ORDER BY id asc  [ RunTime:0.0010s ]
INFO: [ view_parse ] --START--
INFO: [ template_filter ] --START--
INFO: Run Behavior\ContentReplaceBehavior [ RunTime:0.000000s ]
INFO: [ template_filter ] --END-- [ RunTime:0.000000s ]
INFO: Run Behavior\ParseTemplateBehavior [ RunTime:0.016001s ]
INFO: [ view_parse ] --END-- [ RunTime:0.016001s ]
INFO: [ view_filter ] --START--
INFO: Run Behavior\WriteHtmlCacheBehavior [ RunTime:0.001000s ]
INFO: [ view_filter ] --END-- [ RunTime:0.001000s ]
INFO: [ app_end ] --START--
INFO: Run Behavior\ShowPageTraceBehavior [ RunTime:0.000000s ]
INFO: [ app_end ] --END-- [ RunTime:0.000000s ]

[ 2017-09-05T20:43:48+08:00 ] 127.0.0.1 /index.php/Admin/Config/index
INFO: [ app_init ] --START--
INFO: Run Behavior\BuildLiteBehavior [ RunTime:0.000000s ]
INFO: [ app_init ] --END-- [ RunTime:0.000000s ]
INFO: [ app_begin ] --START--
INFO: Run Behavior\ReadHtmlCacheBehavior [ RunTime:0.001000s ]
INFO: [ app_begin ] --END-- [ RunTime:0.001000s ]
SQL: SHOW COLUMNS FROM `p_user` [ RunTime:0.0090s ]
SQL: SELECT * FROM `p_user` WHERE `name` = 'admin'  [ RunTime:0.0010s ]
SQL: SHOW COLUMNS FROM `p_config` [ RunTime:0.0080s ]
SQL: UPDATE `p_config` SET `value`='600' WHERE `id` = 1 [ RunTime:0.0010s ]
NOTIC: [8] Undefined index: jintai C:\php\phpstudy\WWW\devxiyue\Application\Admin\Controller\ConfigController.class.php 第 9 行.
SQL: UPDATE `p_config` SET `value`=NULL WHERE `id` = 2 [ RunTime:0.0000s ]
SQL: UPDATE `p_config` SET `value`='500' WHERE `id` = 3 [ RunTime:0.0010s ]
NOTIC: [8] Undefined index: tuijian2 C:\php\phpstudy\WWW\devxiyue\Application\Admin\Controller\ConfigController.class.php 第 12 行.
SQL: UPDATE `p_config` SET `value`=NULL WHERE `id` = 4 [ RunTime:0.0010s ]
SQL: UPDATE `p_config` SET `value`='600' WHERE `id` = 5 [ RunTime:0.0010s ]
NOTIC: [8] Undefined index: tuijian4 C:\php\phpstudy\WWW\devxiyue\Application\Admin\Controller\ConfigController.class.php 第 14 行.
SQL: UPDATE `p_config` SET `value`=NULL WHERE `id` = 6 [ RunTime:0.0010s ]
NOTIC: [8] Undefined index: tuijian5 C:\php\phpstudy\WWW\devxiyue\Application\Admin\Controller\ConfigController.class.php 第 15 行.
SQL: UPDATE `p_config` SET `value`=NULL WHERE `id` = 7 [ RunTime:0.0010s ]
NOTIC: [8] Undefined index: tuijian6 C:\php\phpstudy\WWW\devxiyue\Application\Admin\Controller\ConfigController.class.php 第 16 行.
SQL: UPDATE `p_config` SET `value`=NULL WHERE `id` = 8 [ RunTime:0.0000s ]
SQL: UPDATE `p_config` SET `value`='800' WHERE `id` = 9 [ RunTime:0.0010s ]
NOTIC: [8] Undefined index: huikui2 C:\php\phpstudy\WWW\devxiyue\Application\Admin\Controller\ConfigController.class.php 第 19 行.
SQL: UPDATE `p_config` SET `value`=NULL WHERE `id` = 10 [ RunTime:0.0010s ]
NOTIC: [8] Undefined index: huikui3 C:\php\phpstudy\WWW\devxiyue\Application\Admin\Controller\ConfigController.class.php 第 20 行.
SQL: UPDATE `p_config` SET `value`=NULL WHERE `id` = 11 [ RunTime:0.0000s ]
NOTIC: [8] Undefined index: huikui4 C:\php\phpstudy\WWW\devxiyue\Application\Admin\Controller\ConfigController.class.php 第 21 行.
SQL: UPDATE `p_config` SET `value`=NULL WHERE `id` = 12 [ RunTime:0.0010s ]
SQL: UPDATE `p_config` SET `value`='800' WHERE `id` = 13 [ RunTime:0.0000s ]
NOTIC: [8] Undefined index: huikui6 C:\php\phpstudy\WWW\devxiyue\Application\Admin\Controller\ConfigController.class.php 第 23 行.
SQL: UPDATE `p_config` SET `value`=NULL WHERE `id` = 14 [ RunTime:0.0000s ]
NOTIC: [8] Undefined index: tixiannum C:\php\phpstudy\WWW\devxiyue\Application\Admin\Controller\ConfigController.class.php 第 25 行.
SQL: UPDATE `p_config` SET `value`=NULL WHERE `id` = 15 [ RunTime:0.0010s ]
NOTIC: [8] Undefined index: tixiantime C:\php\phpstudy\WWW\devxiyue\Application\Admin\Controller\ConfigController.class.php 第 26 行.
SQL: UPDATE `p_config` SET `value`=NULL WHERE `id` = 16 [ RunTime:0.0000s ]
SQL: UPDATE `p_config` SET `value`='600，700，700，700，600' WHERE `id` = 17 [ RunTime:0.0000s ]
SQL: UPDATE `p_config` SET `value`='600，700，700，700，600' WHERE `id` = 18 [ RunTime:0.0010s ]
SQL: UPDATE `p_config` SET `value`='600，700，700，700，700' WHERE `id` = 19 [ RunTime:0.0000s ]
SQL: UPDATE `p_config` SET `value`='600，700，700，700，600' WHERE `id` = 20 [ RunTime:0.0010s ]
SQL: UPDATE `p_config` SET `value`='1' WHERE `id` = 21 [ RunTime:0.0010s ]
SQL: UPDATE `p_config` SET `value`='2' WHERE `id` = 22 [ RunTime:0.0000s ]
NOTIC: [8] Undefined index: jintai C:\php\phpstudy\WWW\devxiyue\Application\Admin\Controller\ConfigController.class.php 第 35 行.
SQL: SELECT * FROM `p_config` ORDER BY id asc  [ RunTime:0.0010s ]
INFO: [ view_parse ] --START--
INFO: [ template_filter ] --START--
INFO: Run Behavior\ContentReplaceBehavior [ RunTime:0.000000s ]
INFO: [ template_filter ] --END-- [ RunTime:0.000000s ]
INFO: Run Behavior\ParseTemplateBehavior [ RunTime:0.011001s ]
INFO: [ view_parse ] --END-- [ RunTime:0.012001s ]
INFO: [ view_filter ] --START--
INFO: Run Behavior\WriteHtmlCacheBehavior [ RunTime:0.000000s ]
INFO: [ view_filter ] --END-- [ RunTime:0.000000s ]
INFO: [ app_end ] --START--
INFO: Run Behavior\ShowPageTraceBehavior [ RunTime:0.001000s ]
INFO: [ app_end ] --END-- [ RunTime:0.001000s ]

[ 2017-09-05T20:43:49+08:00 ] 127.0.0.1 /index.php/Admin/Config/index
INFO: [ app_init ] --START--
INFO: Run Behavior\BuildLiteBehavior [ RunTime:0.000000s ]
INFO: [ app_init ] --END-- [ RunTime:0.001000s ]
INFO: [ app_begin ] --START--
INFO: Run Behavior\ReadHtmlCacheBehavior [ RunTime:0.000000s ]
INFO: [ app_begin ] --END-- [ RunTime:0.000000s ]
SQL: SHOW COLUMNS FROM `p_user` [ RunTime:0.0080s ]
SQL: SELECT * FROM `p_user` WHERE `name` = 'admin'  [ RunTime:0.0010s ]
SQL: SHOW COLUMNS FROM `p_config` [ RunTime:0.0070s ]
SQL: SELECT * FROM `p_config` ORDER BY id asc  [ RunTime:0.0010s ]
INFO: [ view_parse ] --START--
INFO: [ template_filter ] --START--
INFO: Run Behavior\ContentReplaceBehavior [ RunTime:0.000000s ]
INFO: [ template_filter ] --END-- [ RunTime:0.000000s ]
INFO: Run Behavior\ParseTemplateBehavior [ RunTime:0.012000s ]
INFO: [ view_parse ] --END-- [ RunTime:0.012000s ]
INFO: [ view_filter ] --START--
INFO: Run Behavior\WriteHtmlCacheBehavior [ RunTime:0.001000s ]
INFO: [ view_filter ] --END-- [ RunTime:0.001000s ]
INFO: [ app_end ] --START--
INFO: Run Behavior\ShowPageTraceBehavior [ RunTime:0.000000s ]
INFO: [ app_end ] --END-- [ RunTime:0.000000s ]

[ 2017-09-05T20:43:53+08:00 ] 127.0.0.1 /index.php/Admin/Config/index
INFO: [ app_init ] --START--
INFO: Run Behavior\BuildLiteBehavior [ RunTime:0.000000s ]
INFO: [ app_init ] --END-- [ RunTime:0.001000s ]
INFO: [ app_begin ] --START--
INFO: Run Behavior\ReadHtmlCacheBehavior [ RunTime:0.000000s ]
INFO: [ app_begin ] --END-- [ RunTime:0.000000s ]
SQL: SHOW COLUMNS FROM `p_user` [ RunTime:0.0070s ]
SQL: SELECT * FROM `p_user` WHERE `name` = 'admin'  [ RunTime:0.0010s ]
SQL: SHOW COLUMNS FROM `p_config` [ RunTime:0.0060s ]
SQL: UPDATE `p_config` SET `value`='600' WHERE `id` = 1 [ RunTime:0.0010s ]
NOTIC: [8] Undefined index: jintai C:\php\phpstudy\WWW\devxiyue\Application\Admin\Controller\ConfigController.class.php 第 9 行.
SQL: UPDATE `p_config` SET `value`=NULL WHERE `id` = 2 [ RunTime:0.0010s ]
SQL: UPDATE `p_config` SET `value`='500' WHERE `id` = 3 [ RunTime:0.0010s ]
NOTIC: [8] Undefined index: tuijian2 C:\php\phpstudy\WWW\devxiyue\Application\Admin\Controller\ConfigController.class.php 第 12 行.
SQL: UPDATE `p_config` SET `value`=NULL WHERE `id` = 4 [ RunTime:0.0010s ]
SQL: UPDATE `p_config` SET `value`='600' WHERE `id` = 5 [ RunTime:0.0010s ]
NOTIC: [8] Undefined index: tuijian4 C:\php\phpstudy\WWW\devxiyue\Application\Admin\Controller\ConfigController.class.php 第 14 行.
SQL: UPDATE `p_config` SET `value`=NULL WHERE `id` = 6 [ RunTime:0.0010s ]
NOTIC: [8] Undefined index: tuijian5 C:\php\phpstudy\WWW\devxiyue\Application\Admin\Controller\ConfigController.class.php 第 15 行.
SQL: UPDATE `p_config` SET `value`=NULL WHERE `id` = 7 [ RunTime:0.0010s ]
NOTIC: [8] Undefined index: tuijian6 C:\php\phpstudy\WWW\devxiyue\Application\Admin\Controller\ConfigController.class.php 第 16 行.
SQL: UPDATE `p_config` SET `value`=NULL WHERE `id` = 8 [ RunTime:0.0010s ]
SQL: UPDATE `p_config` SET `value`='800' WHERE `id` = 9 [ RunTime:0.0010s ]
NOTIC: [8] Undefined index: huikui2 C:\php\phpstudy\WWW\devxiyue\Application\Admin\Controller\ConfigController.class.php 第 19 行.
SQL: UPDATE `p_config` SET `value`=NULL WHERE `id` = 10 [ RunTime:0.0030s ]
NOTIC: [8] Undefined index: huikui3 C:\php\phpstudy\WWW\devxiyue\Application\Admin\Controller\ConfigController.class.php 第 20 行.
SQL: UPDATE `p_config` SET `value`=NULL WHERE `id` = 11 [ RunTime:0.0010s ]
NOTIC: [8] Undefined index: huikui4 C:\php\phpstudy\WWW\devxiyue\Application\Admin\Controller\ConfigController.class.php 第 21 行.
SQL: UPDATE `p_config` SET `value`=NULL WHERE `id` = 12 [ RunTime:0.0000s ]
SQL: UPDATE `p_config` SET `value`='800' WHERE `id` = 13 [ RunTime:0.0000s ]
NOTIC: [8] Undefined index: huikui6 C:\php\phpstudy\WWW\devxiyue\Application\Admin\Controller\ConfigController.class.php 第 23 行.
SQL: UPDATE `p_config` SET `value`=NULL WHERE `id` = 14 [ RunTime:0.0000s ]
NOTIC: [8] Undefined index: tixiannum C:\php\phpstudy\WWW\devxiyue\Application\Admin\Controller\ConfigController.class.php 第 25 行.
SQL: UPDATE `p_config` SET `value`=NULL WHERE `id` = 15 [ RunTime:0.0010s ]
NOTIC: [8] Undefined index: tixiantime C:\php\phpstudy\WWW\devxiyue\Application\Admin\Controller\ConfigController.class.php 第 26 行.
SQL: UPDATE `p_config` SET `value`=NULL WHERE `id` = 16 [ RunTime:0.0010s ]
SQL: UPDATE `p_config` SET `value`='600，700，700，700，600' WHERE `id` = 17 [ RunTime:0.0010s ]
SQL: UPDATE `p_config` SET `value`='600，700，700，700，600' WHERE `id` = 18 [ RunTime:0.0000s ]
SQL: UPDATE `p_config` SET `value`='600，700，700，700，700' WHERE `id` = 19 [ RunTime:0.0000s ]
SQL: UPDATE `p_config` SET `value`='600，700，700，700，600' WHERE `id` = 20 [ RunTime:0.0010s ]
SQL: UPDATE `p_config` SET `value`='1' WHERE `id` = 21 [ RunTime:0.0010s ]
SQL: UPDATE `p_config` SET `value`='1' WHERE `id` = 22 [ RunTime:0.0010s ]
NOTIC: [8] Undefined index: jintai C:\php\phpstudy\WWW\devxiyue\Application\Admin\Controller\ConfigController.class.php 第 35 行.
SQL: SELECT * FROM `p_config` ORDER BY id asc  [ RunTime:0.0010s ]
INFO: [ view_parse ] --START--
INFO: [ template_filter ] --START--
INFO: Run Behavior\ContentReplaceBehavior [ RunTime:0.000000s ]
INFO: [ template_filter ] --END-- [ RunTime:0.000000s ]
INFO: Run Behavior\ParseTemplateBehavior [ RunTime:0.013000s ]
INFO: [ view_parse ] --END-- [ RunTime:0.013000s ]
INFO: [ view_filter ] --START--
INFO: Run Behavior\WriteHtmlCacheBehavior [ RunTime:0.000000s ]
INFO: [ view_filter ] --END-- [ RunTime:0.000000s ]
INFO: [ app_end ] --START--
INFO: Run Behavior\ShowPageTraceBehavior [ RunTime:0.000000s ]
INFO: [ app_end ] --END-- [ RunTime:0.000000s ]

[ 2017-09-05T20:43:54+08:00 ] 127.0.0.1 /index.php/Admin/Config/index
INFO: [ app_init ] --START--
INFO: Run Behavior\BuildLiteBehavior [ RunTime:0.000000s ]
INFO: [ app_init ] --END-- [ RunTime:0.001000s ]
INFO: [ app_begin ] --START--
INFO: Run Behavior\ReadHtmlCacheBehavior [ RunTime:0.001000s ]
INFO: [ app_begin ] --END-- [ RunTime:0.001000s ]
SQL: SHOW COLUMNS FROM `p_user` [ RunTime:0.0090s ]
SQL: SELECT * FROM `p_user` WHERE `name` = 'admin'  [ RunTime:0.0010s ]
SQL: SHOW COLUMNS FROM `p_config` [ RunTime:0.0060s ]
SQL: SELECT * FROM `p_config` ORDER BY id asc  [ RunTime:0.0020s ]
INFO: [ view_parse ] --START--
INFO: [ template_filter ] --START--
INFO: Run Behavior\ContentReplaceBehavior [ RunTime:0.000000s ]
INFO: [ template_filter ] --END-- [ RunTime:0.000000s ]
INFO: Run Behavior\ParseTemplateBehavior [ RunTime:0.012001s ]
INFO: [ view_parse ] --END-- [ RunTime:0.012001s ]
INFO: [ view_filter ] --START--
INFO: Run Behavior\WriteHtmlCacheBehavior [ RunTime:0.000000s ]
INFO: [ view_filter ] --END-- [ RunTime:0.000000s ]
INFO: [ app_end ] --START--
INFO: Run Behavior\ShowPageTraceBehavior [ RunTime:0.001000s ]
INFO: [ app_end ] --END-- [ RunTime:0.001000s ]

[ 2017-09-05T21:10:02+08:00 ] 127.0.0.1 /index.php/Admin/Config/index
INFO: [ app_init ] --START--
INFO: Run Behavior\BuildLiteBehavior [ RunTime:0.000000s ]
INFO: [ app_init ] --END-- [ RunTime:0.001000s ]
INFO: [ app_begin ] --START--
INFO: Run Behavior\ReadHtmlCacheBehavior [ RunTime:0.000000s ]
INFO: [ app_begin ] --END-- [ RunTime:0.001000s ]
SQL: SHOW COLUMNS FROM `p_user` [ RunTime:0.0100s ]
SQL: SELECT * FROM `p_user` WHERE `name` = 'admin'  [ RunTime:0.0020s ]
SQL: SHOW COLUMNS FROM `p_config` [ RunTime:0.0100s ]
SQL: SELECT * FROM `p_config` ORDER BY id asc  [ RunTime:0.0010s ]
INFO: [ view_parse ] --START--
INFO: [ template_filter ] --START--
INFO: Run Behavior\ContentReplaceBehavior [ RunTime:0.000000s ]
INFO: [ template_filter ] --END-- [ RunTime:0.000000s ]
INFO: Run Behavior\ParseTemplateBehavior [ RunTime:0.011001s ]
INFO: [ view_parse ] --END-- [ RunTime:0.011001s ]
INFO: [ view_filter ] --START--
INFO: Run Behavior\WriteHtmlCacheBehavior [ RunTime:0.000000s ]
INFO: [ view_filter ] --END-- [ RunTime:0.000000s ]
INFO: [ app_end ] --START--
INFO: Run Behavior\ShowPageTraceBehavior [ RunTime:0.000000s ]
INFO: [ app_end ] --END-- [ RunTime:0.000000s ]

[ 2017-09-05T21:13:34+08:00 ] 127.0.0.1 /index.php/Admin/Config/index
INFO: [ app_init ] --START--
INFO: Run Behavior\BuildLiteBehavior [ RunTime:0.000000s ]
INFO: [ app_init ] --END-- [ RunTime:0.001000s ]
INFO: [ app_begin ] --START--
INFO: Run Behavior\ReadHtmlCacheBehavior [ RunTime:0.000000s ]
INFO: [ app_begin ] --END-- [ RunTime:0.000000s ]
SQL: SHOW COLUMNS FROM `p_user` [ RunTime:0.0080s ]
SQL: SELECT * FROM `p_user` WHERE `name` = 'admin'  [ RunTime:0.0020s ]
SQL: SHOW COLUMNS FROM `p_config` [ RunTime:0.0080s ]
SQL: SELECT * FROM `p_config` ORDER BY id asc  [ RunTime:0.0020s ]
INFO: [ view_parse ] --START--
INFO: [ template_filter ] --START--
INFO: Run Behavior\ContentReplaceBehavior [ RunTime:0.001000s ]
INFO: [ template_filter ] --END-- [ RunTime:0.001000s ]
INFO: Run Behavior\ParseTemplateBehavior [ RunTime:0.022001s ]
INFO: [ view_parse ] --END-- [ RunTime:0.022001s ]
INFO: [ view_filter ] --START--
INFO: Run Behavior\WriteHtmlCacheBehavior [ RunTime:0.000000s ]
INFO: [ view_filter ] --END-- [ RunTime:0.000000s ]
INFO: [ app_end ] --START--
INFO: Run Behavior\ShowPageTraceBehavior [ RunTime:0.001000s ]
INFO: [ app_end ] --END-- [ RunTime:0.001000s ]

